SF:/Users/nogipx/nogipx_vault/projects/nogipx/rpc_dart/rpc_dart_transports/lib/src/isolate/isolate_transport.dart
DA:29,1
DA:47,1
DA:53,1
DA:56,1
DA:58,1
DA:59,1
DA:60,1
DA:61,1
DA:63,2
DA:66,1
DA:69,1
DA:72,2
DA:73,1
DA:77,2
DA:80,3
DA:81,1
DA:82,2
DA:84,1
DA:87,1
DA:89,1
DA:93,1
DA:99,1
DA:102,1
DA:104,1
DA:105,1
DA:107,0
DA:114,1
DA:117,1
DA:120,2
DA:123,1
DA:127,1
DA:133,1
DA:134,1
DA:135,1
DA:158,1
DA:164,4
DA:165,2
DA:166,2
DA:171,1
DA:172,1
DA:174,1
DA:175,1
DA:176,1
DA:177,3
DA:179,1
DA:180,1
DA:181,1
DA:185,1
DA:186,1
DA:187,3
DA:189,1
DA:190,1
DA:191,1
DA:195,1
DA:196,3
DA:198,1
DA:208,1
DA:209,2
DA:211,1
DA:213,5
DA:216,1
DA:218,1
DA:219,2
DA:220,2
DA:224,1
DA:230,1
DA:232,3
DA:237,1
DA:241,0
DA:245,1
DA:251,1
DA:253,3
DA:261,2
DA:265,1
DA:267,1
DA:269,3
DA:273,2
DA:274,3
DA:280,0
DA:282,0
DA:283,0
DA:286,1
DA:288,1
DA:290,1
DA:291,2
DA:293,3
DA:298,2
DA:300,2
DA:301,0
DA:323,1
DA:329,4
DA:330,0
DA:331,0
DA:336,1
DA:337,1
DA:339,1
DA:340,1
DA:341,1
DA:342,3
DA:344,1
DA:345,1
DA:346,1
DA:350,1
DA:351,1
DA:352,3
DA:354,1
DA:355,1
DA:356,1
DA:360,1
DA:361,3
DA:363,1
DA:367,1
DA:368,1
DA:377,1
DA:378,2
DA:380,0
DA:382,0
DA:385,0
DA:387,0
DA:388,0
DA:389,0
DA:393,1
DA:399,1
DA:401,3
DA:406,1
DA:410,2
DA:414,1
DA:420,1
DA:422,3
DA:430,0
DA:434,1
DA:436,1
DA:438,3
DA:442,2
DA:443,3
DA:449,0
DA:451,0
DA:452,0
DA:455,1
DA:457,1
DA:459,1
DA:460,2
DA:462,2
DA:464,0
DA:465,0
LF:145
LH:125
end_of_record
SF:/Users/nogipx/nogipx_vault/projects/nogipx/rpc_dart/rpc_dart_transports/lib/src/websocket/websocket_caller_transport.dart
DA:19,0
DA:20,0
DA:26,0
DA:37,0
DA:43,0
DA:48,0
LF:6
LH:0
end_of_record
SF:/Users/nogipx/nogipx_vault/projects/nogipx/rpc_dart/rpc_dart_transports/lib/src/websocket/websocket_responder_transport.dart
DA:18,0
DA:19,0
DA:25,0
LF:3
LH:0
end_of_record
SF:/Users/nogipx/nogipx_vault/projects/nogipx/rpc_dart/rpc_dart_transports/lib/src/websocket/websocket_base_transport.dart
DA:41,0
DA:45,0
DA:46,0
DA:53,0
DA:54,0
DA:55,0
DA:56,0
DA:57,0
DA:58,0
DA:60,0
DA:64,0
DA:66,0
DA:67,0
DA:69,0
DA:71,0
DA:72,0
DA:75,0
DA:76,0
DA:84,0
DA:86,0
DA:87,0
DA:90,0
DA:93,0
DA:98,0
DA:99,0
DA:102,0
DA:103,0
DA:106,0
DA:107,0
DA:112,0
DA:113,0
DA:116,0
DA:119,0
DA:121,0
DA:122,0
DA:124,0
DA:126,0
DA:130,0
DA:131,0
DA:134,0
DA:135,0
DA:143,0
DA:144,0
DA:146,0
DA:147,0
DA:150,0
DA:151,0
DA:155,0
DA:156,0
DA:161,0
DA:163,0
DA:164,0
DA:165,0
DA:168,0
DA:170,0
DA:171,0
DA:174,0
DA:175,0
DA:176,0
DA:179,0
DA:181,0
DA:182,0
DA:184,0
DA:185,0
DA:188,0
DA:189,0
DA:196,0
DA:198,0
DA:201,0
DA:202,0
DA:204,0
DA:205,0
DA:206,0
DA:207,0
DA:208,0
DA:209,0
DA:214,0
DA:217,0
DA:218,0
DA:221,0
DA:222,0
DA:223,0
DA:227,0
DA:228,0
DA:230,0
DA:233,0
DA:234,0
DA:239,0
DA:240,0
DA:242,0
DA:243,0
DA:246,0
DA:249,0
DA:250,0
DA:251,0
DA:255,0
DA:256,0
DA:258,0
DA:261,0
DA:264,0
DA:267,0
DA:268,0
DA:273,0
DA:274,0
DA:276,0
DA:277,0
DA:278,0
DA:279,0
DA:284,0
DA:285,0
DA:286,0
DA:293,0
DA:294,0
DA:295,0
DA:298,0
DA:300,0
DA:302,0
DA:304,0
DA:307,0
DA:309,0
DA:310,0
DA:313,0
DA:314,0
DA:315,0
DA:319,0
DA:321,0
DA:323,0
DA:324,0
DA:326,0
DA:328,0
DA:329,0
DA:331,0
DA:332,0
DA:338,0
DA:344,0
DA:347,0
DA:348,0
DA:351,0
DA:352,0
DA:356,0
DA:360,0
DA:364,0
DA:365,0
DA:366,0
DA:367,0
DA:370,0
DA:371,0
DA:374,0
DA:377,0
DA:378,0
DA:381,0
DA:385,0
DA:386,0
DA:388,0
DA:391,0
DA:394,0
DA:395,0
DA:399,0
DA:400,0
DA:401,0
DA:403,0
DA:404,0
DA:407,0
DA:411,0
DA:417,0
DA:423,0
DA:424,0
DA:429,0
DA:430,0
DA:433,0
DA:436,0
DA:444,0
DA:445,0
DA:446,0
DA:449,0
DA:450,0
DA:452,0
DA:455,0
DA:458,0
DA:461,0
DA:462,0
DA:463,0
DA:465,0
DA:466,0
DA:469,0
DA:471,0
DA:472,0
DA:473,0
DA:474,0
DA:478,0
DA:479,0
DA:487,0
DA:489,0
DA:491,0
DA:492,0
DA:493,0
DA:498,0
DA:499,0
DA:502,0
DA:505,0
DA:513,0
DA:514,0
DA:515,0
DA:516,0
DA:519,0
DA:520,0
DA:521,0
DA:522,0
DA:525,0
DA:531,0
DA:533,0
DA:535,0
DA:536,0
DA:537,0
DA:540,0
DA:541,0
DA:544,0
DA:545,0
DA:547,0
LF:219
LH:0
end_of_record
