SF:/Users/nogipx/nogipx_vault/projects/nogipx/rpc_dart/rpc_dart_transports/lib/src/isolate/isolate_transport.dart
DA:29,1
DA:47,1
DA:53,1
DA:56,1
DA:58,1
DA:59,1
DA:60,1
DA:61,1
DA:63,2
DA:66,1
DA:69,1
DA:72,2
DA:73,1
DA:77,2
DA:80,3
DA:81,1
DA:82,2
DA:84,1
DA:87,1
DA:89,1
DA:93,1
DA:99,1
DA:102,1
DA:104,1
DA:105,1
DA:107,0
DA:114,1
DA:117,1
DA:120,2
DA:123,1
DA:127,1
DA:133,1
DA:134,1
DA:135,1
DA:158,1
DA:164,4
DA:165,2
DA:166,2
DA:171,1
DA:172,1
DA:174,1
DA:175,1
DA:176,1
DA:177,3
DA:179,1
DA:180,1
DA:181,1
DA:185,1
DA:186,1
DA:187,3
DA:189,1
DA:190,1
DA:191,1
DA:195,1
DA:196,3
DA:198,1
DA:208,1
DA:209,2
DA:211,1
DA:213,5
DA:216,1
DA:218,1
DA:219,2
DA:220,2
DA:224,1
DA:230,1
DA:232,3
DA:237,1
DA:241,0
DA:245,1
DA:251,1
DA:253,3
DA:261,2
DA:265,1
DA:267,1
DA:269,3
DA:273,2
DA:274,3
DA:280,0
DA:282,0
DA:283,0
DA:286,1
DA:288,1
DA:290,1
DA:291,2
DA:293,3
DA:298,2
DA:300,2
DA:301,0
DA:323,1
DA:329,4
DA:330,0
DA:331,0
DA:336,1
DA:337,1
DA:339,1
DA:340,1
DA:341,1
DA:342,3
DA:344,1
DA:345,1
DA:346,1
DA:350,1
DA:351,1
DA:352,3
DA:354,1
DA:355,1
DA:356,1
DA:360,1
DA:361,3
DA:363,1
DA:367,1
DA:368,1
DA:377,1
DA:378,2
DA:380,0
DA:382,0
DA:385,0
DA:387,0
DA:388,0
DA:389,0
DA:393,1
DA:399,1
DA:401,3
DA:406,1
DA:410,2
DA:414,1
DA:420,1
DA:422,3
DA:430,0
DA:434,1
DA:436,1
DA:438,3
DA:442,2
DA:443,3
DA:449,0
DA:451,0
DA:452,0
DA:455,1
DA:457,1
DA:459,1
DA:460,2
DA:462,2
DA:464,0
DA:465,0
LF:145
LH:125
end_of_record
SF:/Users/nogipx/nogipx_vault/projects/nogipx/rpc_dart/rpc_dart_transports/lib/src/router/implementations/router_responder.dart
DA:63,2
DA:67,0
DA:71,4
DA:72,2
DA:75,2
DA:77,6
DA:78,6
DA:81,2
DA:85,4
DA:88,2
DA:92,2
DA:94,2
DA:95,0
DA:100,2
DA:101,2
DA:102,4
DA:103,6
DA:104,2
DA:105,2
DA:106,2
DA:109,2
DA:111,2
DA:114,4
DA:115,2
DA:118,4
DA:121,6
DA:122,4
DA:123,2
DA:127,4
DA:129,2
DA:134,2
DA:136,4
DA:139,2
DA:144,8
DA:145,4
DA:146,0
DA:149,0
DA:150,0
DA:151,0
DA:154,0
DA:155,0
DA:156,0
DA:157,0
DA:161,2
DA:164,0
DA:166,0
DA:168,0
DA:169,0
DA:172,2
DA:174,4
DA:175,4
DA:178,2
DA:179,2
DA:180,0
DA:183,2
DA:184,4
DA:185,0
DA:186,0
DA:187,0
DA:190,0
DA:191,0
DA:195,2
DA:196,2
DA:197,6
DA:198,2
DA:200,2
DA:201,0
DA:202,0
DA:205,0
DA:206,0
DA:211,4
DA:219,2
DA:221,4
DA:223,6
DA:224,2
DA:230,2
DA:232,4
DA:234,6
DA:236,4
DA:241,2
DA:249,2
DA:251,4
DA:253,2
DA:254,2
DA:256,2
DA:261,1
DA:266,3
DA:267,2
DA:268,2
DA:269,2
DA:270,1
DA:275,1
DA:276,0
DA:280,2
DA:283,4
DA:286,6
DA:287,2
DA:288,2
DA:292,2
DA:296,0
DA:298,0
DA:301,0
DA:303,0
DA:308,2
DA:310,4
DA:311,4
DA:313,0
DA:314,0
DA:319,2
DA:321,4
DA:322,2
DA:327,2
DA:337,4
DA:338,0
DA:339,0
DA:342,0
DA:343,0
DA:344,0
DA:349,4
DA:351,2
DA:352,2
DA:355,0
DA:358,2
DA:362,4
DA:364,2
DA:365,0
DA:368,4
DA:370,2
DA:371,2
DA:376,0
DA:378,0
DA:383,0
DA:385,0
DA:388,2
DA:391,4
DA:394,4
DA:400,2
DA:401,2
DA:403,2
DA:404,0
DA:406,6
DA:407,0
DA:412,0
DA:413,0
DA:417,0
DA:418,0
DA:419,0
DA:420,0
DA:422,0
DA:423,0
DA:424,0
DA:425,0
DA:428,0
DA:429,0
DA:430,0
DA:431,0
DA:432,0
DA:433,0
DA:435,0
DA:436,0
DA:440,0
DA:441,0
DA:442,0
DA:443,0
DA:444,0
DA:448,0
DA:449,0
DA:450,0
DA:451,0
DA:452,0
DA:457,0
DA:458,0
DA:459,0
DA:463,0
DA:464,0
DA:468,0
DA:469,0
DA:471,0
DA:475,0
DA:476,0
DA:477,0
DA:478,0
DA:479,0
DA:482,0
DA:483,0
DA:484,0
DA:485,0
DA:486,0
DA:494,2
DA:496,4
DA:499,2
DA:502,4
DA:507,4
DA:511,4
DA:512,2
DA:513,2
DA:515,4
DA:518,2
DA:520,2
DA:524,2
DA:527,4
DA:530,4
DA:531,0
DA:532,0
DA:535,2
LF:205
LH:113
end_of_record
SF:/Users/nogipx/nogipx_vault/projects/nogipx/rpc_dart/rpc_dart_transports/lib/src/router/handlers/message_handler.dart
DA:23,2
DA:29,0
DA:32,2
DA:34,4
DA:36,2
DA:37,2
DA:38,2
DA:40,2
DA:41,1
DA:43,2
DA:44,2
DA:46,1
DA:47,1
DA:49,1
DA:50,1
DA:52,0
DA:53,0
DA:55,0
DA:56,0
DA:58,0
DA:59,0
DA:60,0
DA:66,2
DA:67,2
DA:69,0
DA:73,2
DA:74,4
DA:78,2
DA:81,2
DA:82,4
DA:84,4
DA:85,2
DA:87,2
DA:92,1
DA:93,1
DA:95,0
DA:99,1
DA:100,2
DA:103,1
DA:104,0
DA:108,2
DA:109,2
DA:110,4
DA:113,2
DA:114,0
DA:118,1
DA:119,1
DA:120,2
DA:123,0
DA:124,0
DA:129,1
DA:130,2
DA:133,2
DA:135,0
DA:136,0
DA:137,0
DA:140,0
DA:143,0
DA:148,0
DA:153,1
DA:154,0
DA:158,1
DA:159,1
DA:161,0
DA:166,1
DA:167,2
DA:169,1
DA:173,0
DA:174,0
DA:175,0
DA:179,0
DA:180,0
DA:182,0
DA:184,0
DA:185,0
DA:189,0
DA:191,0
DA:193,0
DA:198,2
DA:200,4
DA:201,2
LF:81
LH:48
end_of_record
SF:/Users/nogipx/nogipx_vault/projects/nogipx/rpc_dart/rpc_dart_transports/lib/src/router/handlers/rpc_handler.dart
DA:20,2
DA:24,0
DA:27,2
DA:30,4
DA:32,2
DA:33,0
DA:37,2
DA:39,4
DA:42,2
DA:43,2
DA:44,2
DA:48,0
DA:49,0
DA:56,2
DA:57,0
DA:59,2
DA:64,0
DA:66,0
DA:69,0
DA:75,2
DA:76,4
DA:78,2
DA:80,2
DA:81,2
DA:87,2
DA:89,2
DA:90,2
DA:91,0
DA:94,4
DA:95,2
DA:96,2
DA:99,2
DA:100,4
DA:101,2
DA:102,0
DA:105,2
DA:107,0
LF:37
LH:26
end_of_record
SF:/Users/nogipx/nogipx_vault/projects/nogipx/rpc_dart/rpc_dart_transports/lib/src/router/handlers/event_handler.dart
DA:19,2
DA:23,0
DA:26,2
DA:28,2
DA:32,4
DA:35,4
DA:36,2
DA:37,2
DA:39,4
DA:48,0
LF:10
LH:8
end_of_record
SF:/Users/nogipx/nogipx_vault/projects/nogipx/rpc_dart/rpc_dart_transports/lib/src/router/handlers/p2p_handler.dart
DA:19,2
DA:23,0
DA:26,2
DA:34,2
DA:37,2
DA:40,2
DA:41,2
DA:44,4
DA:51,2
DA:52,4
DA:56,0
DA:57,0
DA:60,0
DA:61,0
DA:65,0
DA:67,0
DA:71,2
DA:72,2
DA:76,4
DA:78,6
DA:79,2
DA:80,2
DA:81,6
DA:89,2
DA:91,0
DA:96,0
DA:97,0
DA:101,0
DA:103,0
DA:109,2
DA:113,4
DA:114,2
DA:115,0
DA:118,2
DA:119,0
DA:125,2
DA:131,2
DA:134,0
DA:135,0
DA:138,0
DA:143,2
DA:146,4
DA:148,0
DA:149,0
DA:150,0
DA:153,0
DA:154,0
DA:161,4
DA:163,0
DA:164,0
DA:166,0
DA:167,0
DA:172,2
DA:175,4
DA:179,2
DA:181,4
DA:184,4
DA:188,2
DA:191,4
DA:192,0
LF:60
LH:33
end_of_record
SF:/Users/nogipx/nogipx_vault/projects/nogipx/rpc_dart/rpc_dart_transports/lib/src/router/connections/rpc_client.dart
DA:21,4
DA:23,2
DA:29,0
DA:32,2
DA:37,2
DA:39,2
DA:45,2
DA:46,2
DA:47,2
DA:49,2
DA:50,0
DA:51,2
DA:52,4
DA:56,2
DA:57,0
DA:60,2
DA:61,2
DA:65,2
DA:66,4
DA:69,4
DA:70,2
DA:72,2
DA:73,2
DA:74,4
DA:75,2
DA:79,6
DA:80,2
DA:86,2
DA:90,2
DA:91,0
DA:94,2
DA:99,2
DA:100,2
DA:101,2
DA:102,2
DA:104,2
DA:105,0
DA:106,2
DA:107,4
DA:111,2
DA:112,4
DA:113,2
DA:114,0
DA:117,2
DA:119,0
LF:45
LH:38
end_of_record
SF:/Users/nogipx/nogipx_vault/projects/nogipx/rpc_dart/rpc_dart_transports/lib/src/router/connections/p2p_connection.dart
DA:39,2
DA:48,0
DA:52,4
DA:55,2
DA:60,2
DA:61,0
DA:65,2
DA:69,2
DA:70,4
DA:73,2
DA:74,2
DA:75,4
DA:76,2
DA:78,4
DA:80,2
DA:82,6
DA:84,2
DA:87,2
DA:88,4
DA:89,2
DA:90,2
DA:91,0
DA:94,4
DA:95,1
DA:99,4
DA:100,4
DA:101,6
DA:102,2
DA:107,4
DA:108,4
DA:112,2
DA:115,0
DA:116,0
DA:117,0
DA:119,2
DA:120,2
DA:121,2
DA:126,2
DA:127,2
DA:129,2
DA:130,4
DA:132,4
DA:133,2
DA:137,2
DA:140,2
DA:142,0
DA:146,0
DA:153,2
DA:154,2
DA:155,4
DA:156,2
DA:160,0
DA:161,0
DA:163,0
DA:165,0
DA:166,0
DA:169,0
DA:170,0
DA:174,1
DA:179,1
DA:181,3
DA:182,1
DA:185,2
DA:188,4
DA:189,2
DA:190,2
DA:191,2
DA:192,1
DA:193,2
DA:199,1
DA:203,1
DA:206,2
DA:207,1
DA:208,0
DA:210,1
DA:214,2
DA:215,2
DA:219,2
DA:220,2
DA:221,0
DA:223,6
DA:224,0
DA:226,0
DA:228,0
DA:231,0
DA:237,2
DA:238,2
DA:242,2
DA:243,4
DA:244,2
DA:245,2
DA:249,1
DA:250,2
DA:253,2
DA:254,2
DA:256,1
DA:257,1
DA:259,2
DA:262,2
DA:263,1
DA:264,1
DA:267,0
DA:273,2
DA:274,2
DA:275,0
DA:276,0
DA:282,2
DA:283,2
DA:286,2
DA:289,4
DA:290,0
DA:292,4
DA:293,4
DA:296,4
DA:297,2
DA:298,2
DA:300,2
LF:117
LH:92
end_of_record
SF:/Users/nogipx/nogipx_vault/projects/nogipx/rpc_dart/rpc_dart_transports/lib/src/router/connections/event_subscription.dart
DA:26,2
DA:32,0
DA:35,6
DA:38,0
DA:41,2
DA:42,2
DA:43,0
DA:48,4
DA:49,2
DA:52,2
DA:54,6
DA:57,4
DA:58,2
DA:59,2
DA:60,4
DA:62,0
DA:63,0
DA:64,0
DA:66,0
DA:67,0
DA:68,0
DA:72,2
DA:74,0
DA:81,2
DA:82,2
DA:83,4
DA:84,2
DA:85,2
DA:90,2
DA:91,2
DA:93,2
DA:94,4
DA:96,2
LF:33
LH:23
end_of_record
SF:/Users/nogipx/nogipx_vault/projects/nogipx/rpc_dart/rpc_dart_transports/lib/src/router/router_contract.dart
DA:37,2
DA:40,0
DA:41,2
DA:42,2
DA:44,4
DA:45,2
DA:46,2
DA:49,4
DA:50,2
DA:51,2
DA:54,4
DA:55,2
DA:56,2
DA:59,2
DA:63,0
DA:65,2
DA:67,2
DA:72,2
DA:74,2
DA:75,4
DA:77,2
DA:78,0
DA:80,4
DA:84,2
DA:86,6
DA:87,2
DA:88,0
DA:90,4
DA:94,2
DA:96,2
DA:97,4
DA:99,2
DA:100,0
DA:102,4
DA:108,2
DA:110,2
DA:111,4
DA:113,2
DA:114,0
DA:116,4
DA:122,2
DA:124,6
DA:125,2
DA:126,0
DA:128,4
DA:131,2
DA:137,2
DA:138,2
DA:139,4
DA:140,2
LF:50
LH:43
end_of_record
SF:/Users/nogipx/nogipx_vault/projects/nogipx/rpc_dart/rpc_dart_transports/lib/src/router/router_client.dart
DA:38,2
DA:42,0
DA:44,4
DA:47,2
DA:50,4
DA:53,2
DA:58,4
DA:61,4
DA:64,6
DA:69,2
DA:74,6
DA:79,2
DA:83,2
DA:84,4
DA:88,2
DA:92,4
DA:99,0
DA:100,0
DA:101,0
DA:104,0
DA:105,0
DA:107,0
DA:110,0
DA:111,0
DA:114,0
DA:121,0
DA:122,0
DA:123,0
DA:126,0
DA:127,0
DA:129,0
DA:137,2
DA:142,2
DA:143,0
DA:147,2
DA:150,4
DA:151,4
DA:153,2
DA:154,2
DA:157,4
DA:165,2
DA:167,2
DA:169,2
DA:172,2
DA:175,4
DA:176,2
DA:180,1
DA:182,1
DA:183,0
DA:184,1
DA:186,1
DA:189,1
DA:192,2
DA:193,1
DA:194,0
DA:198,2
DA:199,2
DA:201,2
DA:203,2
DA:206,4
DA:207,2
DA:211,1
DA:212,1
DA:213,2
DA:214,1
DA:218,1
DA:223,1
DA:225,2
DA:235,2
DA:236,4
DA:240,0
DA:241,0
DA:246,2
DA:247,6
DA:248,0
DA:249,0
DA:255,2
DA:256,2
DA:259,2
DA:260,4
DA:261,2
DA:265,4
DA:267,2
DA:274,0
DA:281,0
DA:285,0
DA:286,0
DA:287,0
DA:288,0
DA:290,0
DA:295,0
DA:303,0
DA:307,0
DA:308,0
DA:309,0
DA:313,0
LF:96
LH:60
end_of_record
SF:/Users/nogipx/nogipx_vault/projects/nogipx/rpc_dart/rpc_dart_transports/lib/src/router/router_client_with_reconnect.dart
DA:63,0
DA:72,0
DA:74,0
DA:76,0
DA:79,0
DA:83,0
DA:86,0
DA:89,0
DA:92,0
DA:95,0
DA:96,0
DA:99,0
DA:100,0
DA:105,0
DA:106,0
DA:110,0
DA:111,0
DA:115,0
DA:118,0
DA:119,0
DA:120,0
DA:121,0
DA:122,0
DA:126,0
DA:127,0
DA:129,0
DA:133,0
DA:134,0
DA:135,0
DA:136,0
DA:140,0
DA:141,0
DA:145,0
DA:146,0
DA:150,0
DA:151,0
DA:153,0
DA:159,0
DA:160,0
DA:163,0
DA:164,0
DA:165,0
DA:166,0
DA:169,0
DA:170,0
DA:172,0
DA:174,0
DA:180,0
DA:181,0
DA:184,0
DA:185,0
DA:186,0
DA:187,0
DA:190,0
DA:192,0
DA:198,0
DA:199,0
DA:202,0
DA:205,0
DA:206,0
DA:209,0
DA:211,0
DA:217,0
DA:218,0
DA:220,0
DA:222,0
DA:224,0
DA:225,0
DA:232,0
DA:238,0
DA:239,0
DA:240,0
DA:242,0
DA:243,0
DA:246,0
DA:252,0
DA:253,0
DA:258,0
DA:264,0
DA:265,0
DA:266,0
DA:267,0
DA:269,0
DA:270,0
DA:273,0
DA:281,0
DA:282,0
DA:284,0
DA:285,0
DA:288,0
DA:291,0
DA:292,0
DA:297,0
DA:298,0
DA:299,0
DA:301,0
DA:305,0
DA:309,0
DA:310,0
DA:312,0
DA:316,0
DA:318,0
DA:319,0
DA:321,0
DA:325,0
DA:327,0
DA:328,0
DA:330,0
DA:334,0
DA:335,0
DA:336,0
DA:338,0
DA:342,0
DA:347,0
DA:348,0
DA:350,0
DA:354,0
DA:356,0
DA:358,0
DA:359,0
DA:361,0
DA:365,0
DA:366,0
DA:370,0
DA:371,0
DA:375,0
DA:376,0
DA:380,0
DA:381,0
DA:384,0
DA:387,0
DA:390,0
DA:391,0
DA:394,0
DA:396,0
LF:135
LH:0
end_of_record
SF:/Users/nogipx/nogipx_vault/projects/nogipx/rpc_dart/rpc_dart_transports/lib/src/router/router_models.dart
DA:84,2
DA:96,2
DA:101,2
DA:106,4
DA:111,1
DA:116,1
DA:121,2
DA:126,2
DA:130,2
DA:134,4
DA:139,0
DA:143,0
DA:148,0
DA:153,1
DA:160,1
DA:164,1
DA:166,1
DA:167,0
DA:169,2
DA:174,1
DA:182,1
DA:186,1
DA:188,1
DA:192,2
DA:197,0
DA:201,0
DA:204,0
DA:205,0
DA:210,2
DA:220,2
DA:221,2
DA:222,0
DA:223,2
DA:224,2
DA:225,2
DA:226,2
DA:227,2
DA:228,2
DA:232,2
DA:234,2
DA:235,6
DA:236,6
DA:237,6
DA:238,4
DA:239,6
DA:240,6
DA:241,6
DA:242,6
DA:246,2
DA:247,2
DA:248,2
DA:249,8
DA:250,0
DA:251,0
DA:253,2
DA:254,2
DA:255,2
DA:256,2
DA:257,2
DA:258,2
DA:259,2
DA:263,2
DA:265,2
DA:266,2
DA:267,6
DA:268,6
DA:269,4
DA:270,6
DA:271,2
DA:290,2
DA:298,2
DA:303,2
DA:305,4
DA:306,2
DA:307,2
DA:308,2
DA:309,2
DA:315,2
DA:319,2
DA:321,4
DA:322,2
DA:323,2
DA:324,2
DA:330,0
DA:335,0
DA:337,0
DA:338,0
DA:347,2
DA:351,2
DA:353,4
DA:354,2
DA:362,2
DA:367,2
DA:369,4
DA:370,2
DA:379,0
DA:384,0
DA:386,0
DA:387,0
DA:388,0
DA:389,0
DA:390,0
DA:395,2
DA:397,2
DA:398,6
DA:399,4
DA:400,4
DA:401,2
DA:405,2
DA:406,2
DA:407,2
DA:408,8
DA:409,0
DA:410,0
DA:412,2
DA:413,2
DA:414,2
DA:418,2
DA:420,6
DA:447,2
DA:458,2
DA:465,2
DA:466,2
DA:467,2
DA:468,2
DA:469,2
DA:470,2
DA:471,2
DA:472,2
DA:477,2
DA:478,2
DA:479,2
DA:480,2
DA:481,2
DA:482,4
DA:483,4
DA:484,2
DA:485,4
DA:490,2
DA:491,2
DA:492,2
DA:493,2
DA:494,4
DA:496,4
DA:498,4
DA:499,2
DA:500,2
DA:501,8
DA:502,0
DA:507,0
DA:509,0
LF:151
LH:124
end_of_record
SF:/Users/nogipx/nogipx_vault/projects/nogipx/rpc_dart/rpc_dart_transports/lib/src/router/router_stats.dart
DA:18,2
DA:27,0
DA:29,0
DA:30,0
DA:31,0
DA:32,0
DA:33,0
DA:34,0
DA:35,0
LF:9
LH:1
end_of_record
SF:/Users/nogipx/nogipx_vault/projects/nogipx/rpc_dart/rpc_dart_transports/lib/src/router/global_message_bus.dart
DA:16,6
DA:17,4
DA:18,2
DA:29,2
DA:34,6
DA:37,4
DA:38,0
DA:39,0
DA:40,0
DA:43,4
DA:44,4
DA:45,6
DA:49,2
DA:50,4
DA:52,2
DA:53,0
DA:55,4
DA:56,6
DA:61,0
DA:62,0
DA:63,0
DA:64,0
DA:68,0
DA:69,0
DA:71,0
DA:72,0
DA:75,0
DA:76,0
DA:77,0
DA:78,0
DA:82,0
DA:83,0
DA:89,2
DA:90,4
DA:91,2
DA:93,2
DA:94,2
DA:95,6
DA:98,0
DA:99,0
DA:101,0
DA:105,0
DA:106,0
DA:107,0
DA:109,0
DA:111,6
DA:118,2
DA:120,6
DA:122,4
DA:123,4
DA:125,4
DA:126,2
DA:127,2
DA:128,2
DA:133,6
DA:138,2
DA:139,6
DA:143,0
DA:144,0
DA:145,0
DA:149,0
DA:150,0
DA:151,0
DA:152,0
DA:153,0
DA:154,0
DA:159,0
DA:160,0
DA:163,0
DA:164,0
DA:165,0
DA:169,0
DA:170,0
DA:172,0
DA:183,0
DA:190,0
DA:191,0
DA:194,0
DA:195,0
DA:206,0
DA:213,0
DA:215,0
DA:216,0
DA:217,0
DA:218,0
DA:219,0
LF:86
LH:32
end_of_record
SF:/Users/nogipx/nogipx_vault/projects/nogipx/rpc_dart/rpc_dart_transports/lib/src/router/models/requests.dart
DA:13,2
DA:19,2
DA:20,2
DA:21,2
DA:22,4
DA:23,2
DA:27,2
DA:29,2
DA:30,6
DA:31,6
DA:32,2
DA:42,2
DA:47,2
DA:48,2
DA:49,2
DA:50,2
DA:54,2
DA:56,2
DA:57,2
DA:58,2
DA:67,0
DA:71,0
DA:72,0
DA:73,0
DA:77,0
DA:79,0
DA:80,0
LF:27
LH:20
end_of_record
SF:/Users/nogipx/nogipx_vault/projects/nogipx/rpc_dart/rpc_dart_transports/lib/src/router/models/responses.dart
DA:14,2
DA:20,2
DA:21,2
DA:22,2
DA:23,2
DA:24,2
DA:28,2
DA:30,2
DA:31,4
DA:32,4
DA:33,2
DA:43,2
DA:48,2
DA:49,2
DA:50,2
DA:51,2
DA:55,2
DA:57,2
DA:58,2
DA:59,2
DA:68,2
DA:70,2
DA:71,2
DA:72,2
DA:73,6
DA:74,2
DA:78,2
DA:80,2
DA:81,10
LF:29
LH:29
end_of_record
SF:/Users/nogipx/nogipx_vault/projects/nogipx/rpc_dart/rpc_dart_transports/lib/src/websocket/websocket_caller_transport.dart
DA:19,4
DA:20,4
DA:26,4
DA:37,4
DA:43,4
DA:48,4
LF:6
LH:6
end_of_record
SF:/Users/nogipx/nogipx_vault/projects/nogipx/rpc_dart/rpc_dart_transports/lib/src/websocket/managers/reconnect_manager.dart
DA:44,5
DA:110,0
DA:114,0
DA:115,0
DA:118,0
DA:121,0
DA:124,0
DA:127,0
DA:130,0
DA:131,0
DA:135,0
DA:136,0
DA:137,0
DA:138,0
DA:139,0
DA:140,0
DA:144,0
DA:145,0
DA:146,0
DA:150,0
DA:151,0
DA:153,0
DA:154,0
DA:156,0
DA:157,0
DA:158,0
DA:163,0
DA:164,0
DA:165,0
DA:169,0
DA:170,0
DA:174,0
DA:175,0
DA:176,0
DA:177,0
DA:181,0
DA:182,0
DA:183,0
DA:184,0
DA:185,0
DA:189,0
DA:190,0
DA:193,0
DA:197,0
DA:198,0
DA:200,0
DA:201,0
DA:202,0
DA:204,0
DA:205,0
DA:210,0
DA:211,0
DA:212,0
DA:216,0
DA:217,0
DA:219,0
DA:220,0
DA:221,0
DA:222,0
DA:225,0
DA:226,0
DA:229,0
DA:232,0
DA:235,0
DA:238,0
DA:239,0
DA:241,0
DA:247,0
DA:248,0
DA:249,0
DA:250,0
DA:252,0
DA:253,0
DA:255,0
DA:257,0
DA:259,0
DA:260,0
DA:265,0
DA:266,0
DA:267,0
DA:269,0
DA:271,0
DA:276,0
DA:278,0
DA:279,0
DA:283,0
DA:284,0
DA:286,0
DA:293,0
DA:294,0
DA:295,0
DA:299,0
DA:300,0
DA:301,0
DA:302,0
DA:303,0
DA:304,0
DA:309,0
DA:310,0
DA:311,0
DA:312,0
DA:313,0
DA:328,0
DA:334,0
DA:336,0
LF:105
LH:1
end_of_record
SF:/Users/nogipx/nogipx_vault/projects/nogipx/rpc_dart/rpc_dart_transports/lib/src/websocket/websocket_base_transport.dart
DA:45,4
DA:50,8
DA:51,4
DA:52,4
DA:55,8
DA:56,4
DA:59,8
DA:60,4
DA:63,4
DA:70,4
DA:71,6
DA:72,12
DA:73,4
DA:74,4
DA:75,4
DA:77,6
DA:81,4
DA:84,8
DA:86,8
DA:88,4
DA:89,12
DA:93,8
DA:96,0
DA:97,0
DA:105,0
DA:106,0
DA:107,0
DA:114,2
DA:115,4
DA:116,2
DA:119,4
DA:121,8
DA:123,4
DA:125,20
DA:128,4
DA:130,4
DA:131,0
DA:134,8
DA:137,4
DA:139,4
DA:141,8
DA:144,4
DA:150,4
DA:154,4
DA:155,12
DA:159,8
DA:165,12
DA:166,6
DA:167,4
DA:170,6
DA:173,0
DA:179,4
DA:185,4
DA:186,0
DA:192,8
DA:195,8
DA:202,12
DA:203,6
DA:204,4
DA:207,6
DA:208,6
DA:211,0
DA:212,0
DA:220,3
DA:222,3
DA:224,6
DA:225,0
DA:226,0
DA:231,5
DA:234,6
DA:237,6
DA:242,9
DA:244,6
DA:245,6
DA:247,0
DA:253,2
DA:255,2
DA:257,2
DA:260,4
DA:261,4
DA:264,6
DA:265,4
DA:267,0
LF:83
LH:69
end_of_record
SF:/Users/nogipx/nogipx_vault/projects/nogipx/rpc_dart/rpc_dart_transports/lib/src/websocket/websocket_responder_transport.dart
DA:18,4
DA:19,4
DA:25,4
LF:3
LH:3
end_of_record
SF:/Users/nogipx/nogipx_vault/projects/nogipx/rpc_dart/rpc_dart_transports/lib/src/websocket/processors/message_processor.dart
DA:21,4
DA:23,2
DA:24,12
DA:28,4
DA:30,10
DA:31,4
DA:33,8
DA:35,0
DA:36,0
DA:37,0
DA:40,0
DA:41,0
DA:45,0
DA:50,4
DA:52,6
DA:53,4
DA:56,4
DA:59,0
DA:61,0
DA:64,6
DA:65,10
DA:68,8
DA:69,8
DA:72,8
DA:73,0
DA:74,0
DA:78,8
DA:79,4
DA:82,10
DA:85,8
DA:87,8
DA:88,8
DA:90,4
DA:92,0
DA:93,0
DA:96,0
DA:97,0
DA:101,0
DA:106,4
DA:108,4
DA:110,6
DA:111,4
DA:114,4
DA:115,12
DA:119,4
DA:120,4
DA:121,8
DA:124,4
DA:125,4
DA:129,4
DA:130,16
DA:132,8
DA:133,4
DA:134,4
DA:135,4
DA:136,4
DA:137,4
DA:142,4
DA:145,4
DA:146,4
DA:149,6
DA:150,2
DA:155,4
DA:157,4
DA:159,8
DA:162,0
DA:163,0
DA:164,0
DA:167,6
DA:168,4
DA:173,8
DA:174,10
DA:176,8
DA:177,4
DA:180,4
DA:182,4
DA:185,0
DA:186,0
DA:188,0
DA:189,0
DA:192,0
DA:199,4
DA:200,4
DA:206,8
DA:208,12
DA:209,20
DA:210,4
DA:213,12
DA:214,12
DA:215,4
DA:218,12
DA:219,20
DA:220,4
DA:223,12
DA:225,12
DA:226,4
DA:228,8
DA:229,8
DA:232,0
DA:233,0
DA:243,4
DA:244,8
DA:248,4
DA:249,8
DA:253,0
DA:254,0
DA:258,2
DA:259,4
LF:108
LH:81
end_of_record
SF:/Users/nogipx/nogipx_vault/projects/nogipx/rpc_dart/rpc_dart_transports/lib/src/websocket/processors/message_encoder.dart
DA:15,4
DA:17,2
DA:20,4
DA:26,6
DA:27,8
DA:30,4
DA:34,4
DA:38,8
DA:41,4
DA:42,10
DA:44,16
DA:47,8
DA:50,4
DA:51,12
DA:54,6
DA:55,4
DA:59,0
DA:66,4
DA:73,6
DA:74,4
DA:77,4
DA:85,4
DA:86,4
DA:87,6
DA:90,4
DA:91,10
DA:93,16
DA:96,8
DA:99,12
DA:101,6
DA:102,4
DA:106,0
DA:107,0
DA:116,3
DA:118,5
DA:121,3
DA:129,3
DA:130,4
DA:131,2
DA:135,0
DA:142,4
DA:143,4
DA:145,8
DA:146,8
DA:147,8
DA:150,16
DA:151,12
DA:154,4
DA:157,16
DA:158,12
DA:161,4
DA:163,4
DA:164,8
LF:53
LH:49
end_of_record
SF:/Users/nogipx/nogipx_vault/projects/nogipx/rpc_dart/rpc_dart_transports/lib/src/websocket/managers/stream_manager.dart
DA:18,4
DA:22,2
DA:25,0
DA:28,4
DA:29,8
DA:30,8
DA:31,8
DA:36,4
DA:37,8
DA:39,8
DA:41,6
DA:42,6
DA:44,6
DA:45,2
DA:52,3
DA:53,6
DA:57,4
DA:58,8
DA:59,8
DA:63,4
DA:64,8
DA:66,8
DA:67,0
DA:68,0
DA:69,0
DA:73,8
DA:77,0
DA:78,0
DA:82,0
DA:85,0
DA:88,2
DA:89,4
DA:90,4
DA:91,4
DA:95,0
DA:96,0
DA:97,0
DA:98,0
DA:99,0
LF:39
LH:26
end_of_record
