SF:/Users/nogipx/nogipx_vault/projects/nogipx/rpc_dart/rpc_dart/lib/src/contracts/_contract.dart
DA:31,0
DA:142,12
DA:149,0
DA:156,0
DA:160,0
DA:167,0
DA:170,0
DA:172,0
DA:174,0
DA:178,0
DA:179,0
DA:180,0
DA:183,0
DA:184,0
LF:14
LH:1
end_of_record
SF:/Users/nogipx/nogipx_vault/projects/nogipx/rpc_dart/rpc_dart/lib/src/contracts/rpc_service_contract.dart
DA:36,12
DA:39,2
DA:40,4
DA:44,12
DA:45,24
DA:50,12
DA:53,14
DA:54,2
DA:58,12
DA:60,12
DA:61,12
DA:63,14
DA:64,4
DA:69,12
DA:75,24
DA:76,24
DA:82,4
DA:83,2
DA:91,12
DA:97,12
DA:98,24
DA:99,24
DA:103,4
DA:104,2
DA:112,12
DA:118,12
DA:119,24
DA:120,24
DA:125,4
DA:126,2
DA:134,12
DA:140,12
DA:141,24
DA:142,24
DA:147,4
DA:148,2
DA:156,6
DA:164,12
DA:165,6
DA:171,12
DA:172,12
DA:173,12
DA:176,4
DA:184,8
DA:185,4
DA:191,8
DA:192,8
DA:193,8
DA:196,2
DA:204,4
DA:205,2
DA:211,4
DA:212,4
DA:213,4
DA:216,2
DA:224,4
DA:225,2
DA:231,4
DA:232,4
DA:233,4
LF:60
LH:60
end_of_record
SF:/Users/nogipx/nogipx_vault/projects/nogipx/rpc_dart/rpc_dart/lib/src/serialization/msgpack/serializer.dart
DA:15,2
DA:19,0
DA:20,0
DA:28,8
DA:31,8
DA:34,8
DA:35,8
DA:36,26
DA:37,26
DA:38,10
DA:39,12
DA:40,16
DA:41,12
DA:42,12
DA:43,8
DA:44,2
DA:45,8
DA:47,16
DA:48,0
DA:51,0
DA:54,8
DA:55,16
DA:58,2
DA:59,4
DA:60,4
DA:61,4
DA:62,4
DA:63,4
DA:64,4
DA:65,4
DA:66,4
DA:67,4
DA:68,4
DA:69,4
DA:71,4
DA:72,4
DA:76,8
DA:77,8
DA:78,16
DA:79,4
DA:80,4
DA:81,4
DA:82,4
DA:83,8
DA:84,8
DA:85,2
DA:86,4
DA:87,4
DA:89,4
DA:90,4
DA:94,2
DA:95,4
DA:96,6
DA:99,4
DA:100,8
DA:101,8
DA:104,8
DA:105,16
DA:106,8
DA:107,8
DA:108,24
DA:109,6
DA:110,8
DA:111,8
DA:112,2
DA:113,4
DA:114,4
DA:115,0
DA:116,0
DA:117,0
DA:119,0
DA:122,16
DA:125,4
DA:126,4
DA:127,4
DA:128,8
DA:129,8
DA:130,2
DA:131,4
DA:132,4
DA:133,2
DA:134,4
DA:135,4
DA:137,0
DA:140,8
DA:143,4
DA:144,4
DA:146,4
DA:147,12
DA:148,2
DA:149,4
DA:150,4
DA:151,2
DA:152,4
DA:153,4
DA:155,0
DA:159,8
DA:160,4
DA:164,8
DA:165,8
DA:167,8
DA:168,24
DA:169,2
DA:170,4
DA:171,4
DA:172,2
DA:173,4
DA:174,4
DA:176,0
DA:180,16
DA:181,16
DA:182,16
DA:186,0
DA:187,0
DA:189,0
DA:190,0
DA:192,0
DA:194,0
DA:198,0
DA:199,0
DA:200,0
DA:201,0
DA:202,0
DA:203,0
DA:204,0
DA:205,0
DA:206,0
DA:207,0
DA:208,0
DA:209,0
DA:210,0
DA:211,0
DA:212,0
DA:213,0
DA:214,0
DA:215,0
DA:216,0
DA:217,0
DA:219,0
DA:221,0
DA:222,0
LF:141
LH:101
end_of_record
SF:/Users/nogipx/nogipx_vault/projects/nogipx/rpc_dart/rpc_dart/lib/src/serialization/msgpack/deserializer.dart
DA:18,8
DA:23,24
DA:33,8
DA:34,32
DA:35,8
DA:37,16
DA:39,2
DA:40,16
DA:41,16
DA:42,16
DA:43,8
DA:44,16
DA:45,16
DA:48,8
DA:50,8
DA:52,8
DA:54,8
DA:55,2
DA:56,8
DA:57,4
DA:58,8
DA:59,2
DA:60,8
DA:61,2
DA:62,8
DA:63,2
DA:64,8
DA:65,2
DA:66,8
DA:67,2
DA:68,8
DA:69,2
DA:70,8
DA:71,2
DA:72,8
DA:73,4
DA:74,8
DA:75,8
DA:76,4
DA:77,4
DA:78,4
DA:79,0
DA:80,4
DA:81,4
DA:82,2
DA:83,0
DA:84,2
DA:85,0
DA:86,2
DA:87,4
DA:88,2
DA:89,4
DA:90,2
DA:91,4
DA:92,2
DA:93,4
DA:94,0
DA:95,0
DA:96,0
DA:97,0
DA:98,0
DA:99,0
DA:100,0
DA:101,0
DA:102,0
DA:103,0
DA:104,0
DA:105,0
DA:106,0
DA:107,0
DA:108,0
DA:109,0
DA:111,0
DA:115,2
DA:116,8
DA:119,8
DA:120,32
DA:123,4
DA:124,12
DA:125,8
DA:129,2
DA:130,6
DA:131,4
DA:135,2
DA:136,6
DA:137,4
DA:141,2
DA:142,6
DA:143,4
DA:147,2
DA:148,6
DA:149,4
DA:153,2
DA:154,6
DA:155,4
DA:159,2
DA:160,6
DA:161,4
DA:165,4
DA:166,12
DA:167,8
DA:171,8
DA:173,56
DA:174,16
DA:175,8
DA:178,8
DA:179,8
DA:180,8
DA:181,16
DA:182,16
DA:183,0
DA:186,8
DA:189,4
DA:190,4
DA:191,8
DA:192,8
DA:197,8
DA:198,8
DA:199,8
DA:200,24
DA:201,8
DA:206,0
DA:207,0
DA:208,0
DA:209,0
LF:125
LH:100
end_of_record
SF:/Users/nogipx/nogipx_vault/projects/nogipx/rpc_dart/rpc_dart/lib/src/serialization/msgpack/msgpack.dart
DA:13,0
DA:16,0
DA:18,0
DA:22,8
DA:26,8
DA:27,8
DA:28,8
DA:31,8
DA:36,8
DA:41,8
LF:10
LH:7
end_of_record
SF:/Users/nogipx/nogipx_vault/projects/nogipx/rpc_dart/rpc_dart/lib/src/serialization/msgpack/data_writer.dart
DA:15,8
DA:16,8
DA:17,24
DA:18,16
DA:21,2
DA:22,2
DA:23,6
DA:24,4
DA:27,4
DA:28,4
DA:29,12
DA:30,8
DA:33,2
DA:34,2
DA:35,6
DA:36,4
DA:39,2
DA:40,2
DA:41,6
DA:42,4
DA:45,2
DA:46,2
DA:47,6
DA:48,4
DA:51,2
DA:52,2
DA:53,6
DA:54,4
DA:57,2
DA:58,2
DA:59,6
DA:60,4
DA:63,2
DA:64,2
DA:65,6
DA:66,4
DA:69,4
DA:70,4
DA:71,12
DA:72,8
DA:76,8
DA:77,8
DA:78,8
DA:81,8
DA:82,16
DA:84,16
DA:89,8
DA:90,16
DA:91,24
DA:93,0
DA:94,0
DA:97,16
DA:101,8
DA:102,16
DA:104,4
DA:105,8
DA:106,8
DA:107,4
DA:109,4
DA:110,4
DA:111,4
DA:114,8
DA:115,16
DA:119,8
DA:120,8
DA:122,16
DA:123,8
DA:124,40
DA:126,32
DA:127,8
DA:128,8
DA:132,8
DA:133,16
DA:134,16
DA:137,24
DA:138,16
DA:139,16
DA:140,8
DA:142,16
DA:143,16
DA:144,32
DA:146,12
DA:147,6
DA:148,6
DA:149,12
DA:150,12
DA:151,6
DA:156,8
LF:88
LH:86
end_of_record
SF:/Users/nogipx/nogipx_vault/projects/nogipx/rpc_dart/rpc_dart/lib/src/endpoint/rpc_endpoint.dart
DA:16,12
DA:23,0
DA:25,0
LF:3
LH:1
end_of_record
SF:/Users/nogipx/nogipx_vault/projects/nogipx/rpc_dart/rpc_dart/lib/src/endpoint/impl/method_context.dart
DA:15,0
DA:51,12
DA:64,16
DA:67,12
DA:68,48
DA:71,0
DA:72,0
DA:75,0
DA:76,0
DA:77,0
DA:80,0
DA:81,0
DA:82,0
DA:83,0
DA:84,0
DA:85,0
DA:87,0
DA:88,0
DA:90,0
DA:91,0
DA:92,0
DA:115,12
DA:124,12
DA:126,12
DA:127,0
DA:129,0
DA:132,12
DA:143,0
DA:145,0
DA:147,0
DA:151,0
DA:153,0
DA:157,0
DA:158,0
DA:162,4
DA:163,4
DA:166,12
DA:167,12
DA:170,12
DA:171,12
DA:174,10
DA:175,10
LF:42
LH:16
end_of_record
SF:/Users/nogipx/nogipx_vault/projects/nogipx/rpc_dart/rpc_dart/lib/src/endpoint/impl/rpc_endpoint_impl.dart
DA:7,36
DA:8,12
DA:10,84
DA:32,12
DA:37,12
DA:44,0
DA:45,0
DA:47,0
DA:48,0
DA:50,4
DA:52,8
DA:54,8
DA:56,16
DA:58,12
DA:59,24
DA:61,6
DA:68,12
DA:75,8
DA:83,16
DA:91,0
DA:92,0
DA:94,8
DA:102,16
DA:110,12
DA:116,24
DA:122,12
DA:127,12
DA:128,12
DA:129,24
DA:132,8
DA:140,16
DA:148,0
DA:156,0
DA:165,12
DA:169,36
DA:170,0
DA:171,0
DA:175,12
DA:179,12
DA:182,36
DA:183,60
DA:186,12
DA:189,12
DA:190,14
DA:191,6
DA:193,2
DA:199,24
DA:200,12
DA:201,12
DA:202,12
DA:203,12
DA:204,12
DA:213,12
DA:214,6
DA:215,6
DA:217,6
DA:222,8
DA:223,4
DA:224,4
DA:226,4
DA:231,4
DA:232,2
DA:233,2
DA:235,2
DA:240,2
DA:241,2
DA:242,2
DA:244,2
DA:251,0
DA:258,12
DA:262,24
DA:266,6
DA:271,6
DA:274,4
DA:279,4
DA:282,2
DA:287,2
DA:290,2
DA:295,2
LF:79
LH:68
end_of_record
SF:/Users/nogipx/nogipx_vault/projects/nogipx/rpc_dart/rpc_dart/lib/src/endpoint/impl/rpc_endpoint_core_impl.dart
DA:15,0
DA:16,0
DA:20,0
DA:21,0
DA:50,12
DA:56,12
DA:57,12
DA:60,12
DA:61,24
DA:64,12
DA:65,60
DA:71,4
DA:73,8
DA:81,12
DA:87,48
DA:88,36
DA:98,8
DA:106,8
DA:107,8
DA:108,16
DA:110,8
DA:117,8
DA:120,8
DA:123,0
DA:125,0
DA:126,0
DA:127,0
DA:128,0
DA:133,8
DA:144,8
DA:153,0
DA:156,16
DA:157,6
DA:160,8
DA:161,16
DA:163,8
DA:170,8
DA:173,8
DA:175,8
DA:179,12
DA:180,24
DA:181,12
DA:183,12
DA:184,12
DA:185,12
DA:187,12
DA:188,10
DA:190,8
DA:191,8
DA:193,6
DA:194,4
DA:196,2
DA:197,2
DA:199,0
DA:200,0
DA:202,0
DA:205,0
DA:212,12
DA:213,12
DA:214,12
DA:217,0
DA:218,0
DA:220,0
DA:225,36
DA:227,2
DA:228,2
DA:229,2
DA:230,2
DA:239,12
DA:240,12
DA:241,12
DA:242,12
DA:243,12
DA:249,24
DA:252,12
DA:258,12
DA:259,12
DA:260,12
DA:261,12
DA:268,12
DA:274,24
DA:282,12
DA:283,12
DA:285,12
DA:287,12
DA:288,12
DA:289,12
DA:294,0
DA:295,0
DA:296,0
DA:297,0
DA:298,0
DA:304,0
DA:315,0
DA:317,0
DA:319,0
DA:320,0
DA:321,0
DA:322,0
DA:323,0
DA:329,10
DA:330,30
DA:331,8
DA:332,16
DA:337,8
DA:338,24
DA:339,8
DA:341,8
DA:342,24
DA:343,0
DA:347,16
DA:348,8
DA:349,8
DA:350,8
DA:351,8
DA:353,8
DA:356,16
DA:357,8
DA:358,8
DA:359,0
DA:362,0
DA:368,4
DA:369,12
DA:370,4
DA:372,8
DA:373,4
DA:374,4
DA:375,4
DA:376,4
DA:377,4
DA:379,8
DA:380,4
DA:381,4
DA:382,0
DA:383,0
DA:386,0
DA:392,2
DA:393,6
DA:394,0
DA:395,0
DA:398,6
DA:399,2
DA:400,4
DA:405,0
DA:406,0
DA:407,0
DA:409,0
DA:410,0
DA:411,0
DA:412,0
DA:418,2
DA:424,2
DA:425,2
DA:431,2
DA:437,12
DA:438,36
DA:439,24
DA:443,0
DA:444,0
DA:447,12
DA:449,24
DA:450,12
DA:453,24
DA:454,0
DA:455,0
DA:458,24
DA:461,30
DA:462,6
DA:463,6
DA:466,24
DA:468,24
DA:478,8
DA:487,0
DA:491,16
DA:500,8
DA:507,8
DA:510,8
DA:520,0
DA:528,0
DA:535,0
DA:538,0
DA:547,6
DA:556,12
DA:563,6
DA:569,6
DA:572,6
DA:575,0
DA:580,0
DA:583,0
DA:588,0
DA:591,0
DA:596,0
DA:599,0
DA:604,0
LF:194
LH:132
end_of_record
SF:/Users/nogipx/nogipx_vault/projects/nogipx/rpc_dart/rpc_dart/lib/src/methods/_method.dart
DA:27,12
DA:30,12
DA:35,36
DA:37,0
DA:41,24
DA:44,0
DA:45,0
DA:53,12
DA:54,24
DA:55,0
DA:57,12
DA:60,12
DA:61,24
DA:62,0
DA:64,12
LF:15
LH:10
end_of_record
SF:/Users/nogipx/nogipx_vault/projects/nogipx/rpc_dart/rpc_dart/lib/src/methods/client_streaming_method.dart
DA:11,2
DA:15,2
DA:24,2
DA:32,4
DA:35,2
DA:42,2
DA:43,2
DA:44,2
DA:45,2
DA:49,4
DA:51,2
DA:58,2
DA:59,2
DA:61,4
DA:62,4
DA:66,2
DA:68,2
DA:70,2
DA:74,0
DA:75,0
DA:76,0
DA:78,0
DA:80,0
DA:82,0
DA:86,0
DA:87,0
DA:88,0
DA:91,0
DA:93,0
DA:94,0
DA:101,2
DA:103,2
DA:105,0
DA:106,0
DA:108,0
DA:112,2
DA:114,4
DA:117,2
DA:118,2
DA:122,2
DA:124,0
DA:125,0
DA:130,4
DA:131,4
DA:140,4
DA:142,2
DA:143,2
DA:144,2
DA:148,2
DA:150,4
DA:151,4
DA:158,0
DA:159,0
DA:163,0
DA:165,0
DA:166,0
DA:167,0
DA:173,0
DA:174,0
DA:178,0
DA:180,0
DA:181,0
DA:188,0
DA:193,2
DA:201,2
DA:207,6
DA:209,0
DA:211,0
DA:218,4
DA:222,0
DA:223,0
DA:232,2
DA:235,2
DA:238,4
DA:239,2
DA:240,2
DA:244,2
DA:245,6
DA:246,4
DA:250,4
DA:251,2
DA:252,2
DA:253,2
DA:254,8
DA:257,2
DA:260,2
DA:266,4
DA:267,2
DA:268,2
DA:273,4
DA:275,2
DA:276,4
DA:277,4
DA:278,4
DA:279,4
DA:280,2
DA:282,0
DA:283,0
DA:285,0
DA:286,0
DA:298,2
DA:301,2
DA:302,2
DA:303,0
DA:304,2
DA:306,4
DA:313,2
DA:314,2
DA:315,6
DA:318,0
DA:319,0
DA:320,0
DA:328,0
DA:329,0
DA:333,0
DA:334,0
DA:336,0
DA:338,0
DA:339,0
DA:341,0
DA:346,2
DA:355,2
DA:357,6
DA:359,4
DA:360,2
DA:364,2
DA:367,4
DA:368,2
DA:369,0
DA:370,0
DA:375,4
DA:378,2
DA:379,4
DA:381,4
DA:384,2
DA:385,2
DA:389,2
DA:392,4
DA:394,2
DA:395,2
DA:398,2
DA:401,0
DA:402,0
DA:404,0
DA:406,0
DA:407,0
DA:408,0
DA:411,0
DA:413,0
DA:414,0
DA:422,2
DA:423,6
LF:152
LH:92
end_of_record
SF:/Users/nogipx/nogipx_vault/projects/nogipx/rpc_dart/rpc_dart/lib/src/methods/logger.dart
DA:24,2
DA:26,4
DA:29,0
DA:31,0
DA:34,0
DA:36,0
DA:38,0
DA:40,0
DA:45,4
DA:47,8
DA:53,0
DA:56,0
DA:59,0
DA:62,0
DA:67,12
DA:70,0
LF:16
LH:5
end_of_record
SF:/Users/nogipx/nogipx_vault/projects/nogipx/rpc_dart/rpc_dart/lib/src/methods/_method_implementation.dart
DA:29,6
DA:39,4
DA:49,2
DA:59,2
DA:69,6
DA:70,12
DA:71,0
DA:73,6
DA:74,0
DA:77,12
DA:81,4
DA:84,8
DA:85,0
DA:87,4
DA:88,0
DA:92,8
DA:95,0
DA:96,0
DA:97,0
DA:100,0
DA:112,0
DA:117,0
DA:118,0
DA:120,0
DA:121,0
DA:125,0
DA:128,0
DA:129,0
DA:130,0
DA:131,0
DA:135,0
DA:141,2
DA:144,4
DA:145,0
DA:147,2
DA:148,0
DA:153,4
DA:156,4
DA:158,2
DA:161,2
DA:162,2
DA:163,2
DA:164,6
DA:165,2
DA:167,0
DA:168,0
DA:170,0
DA:172,0
DA:173,0
DA:174,0
DA:179,2
DA:180,2
DA:181,4
DA:182,4
DA:187,2
DA:189,0
DA:191,0
DA:194,0
DA:195,0
DA:197,0
DA:199,0
DA:201,0
DA:207,0
DA:209,0
DA:215,2
DA:219,2
DA:221,0
DA:224,0
DA:225,0
DA:226,0
DA:231,0
DA:235,0
DA:238,0
DA:240,0
DA:241,0
DA:242,0
DA:243,0
DA:248,0
DA:251,0
DA:253,0
DA:254,0
DA:255,0
DA:256,0
LF:83
LH:30
end_of_record
SF:/Users/nogipx/nogipx_vault/projects/nogipx/rpc_dart/rpc_dart/lib/src/methods/bidirectional_streaming_method.dart
DA:11,2
DA:15,2
DA:22,2
DA:29,4
DA:32,2
DA:35,4
DA:36,2
DA:37,2
DA:38,2
DA:44,2
DA:45,2
DA:46,2
DA:47,2
DA:50,4
DA:51,2
DA:53,4
DA:55,0
DA:58,4
DA:59,0
DA:62,2
DA:65,0
DA:68,0
DA:69,0
DA:72,0
DA:73,0
DA:80,2
DA:82,0
DA:83,0
DA:91,4
DA:92,2
DA:93,4
DA:95,2
DA:96,2
DA:97,2
DA:100,2
DA:102,4
DA:104,2
DA:105,2
DA:106,2
DA:111,2
DA:113,4
DA:114,4
DA:123,2
DA:129,6
DA:131,0
DA:132,0
DA:137,4
DA:141,0
DA:142,0
DA:151,2
DA:154,2
DA:157,4
DA:158,2
DA:159,2
DA:165,4
DA:166,2
DA:167,2
DA:168,2
DA:171,2
DA:172,2
DA:173,4
DA:177,2
DA:179,2
DA:182,4
DA:187,2
DA:188,2
DA:191,2
DA:194,2
DA:195,2
DA:196,2
DA:197,2
DA:200,2
DA:201,2
DA:202,4
DA:204,2
DA:205,4
DA:206,2
DA:208,2
DA:214,2
DA:215,2
DA:218,4
DA:219,2
DA:221,0
DA:222,0
DA:225,2
DA:226,4
DA:230,2
DA:231,2
DA:233,2
DA:234,0
DA:242,4
DA:245,2
DA:246,2
DA:247,4
DA:249,4
DA:251,2
DA:252,2
DA:253,2
DA:256,0
DA:260,0
DA:261,0
DA:263,0
DA:265,0
DA:266,0
DA:267,0
DA:270,0
DA:273,0
DA:274,0
DA:276,0
DA:278,0
DA:279,0
DA:282,0
DA:287,0
DA:288,0
DA:294,2
DA:301,2
DA:306,0
DA:307,0
DA:308,0
LF:119
LH:84
end_of_record
SF:/Users/nogipx/nogipx_vault/projects/nogipx/rpc_dart/rpc_dart/lib/src/methods/unary_request_method.dart
DA:11,6
DA:15,6
DA:23,6
DA:29,12
DA:30,6
DA:31,6
DA:32,6
DA:38,6
DA:39,6
DA:51,6
DA:57,18
DA:59,0
DA:60,0
DA:65,12
DA:69,0
DA:70,0
DA:78,6
DA:79,6
DA:82,12
DA:83,6
DA:84,6
DA:90,12
DA:91,6
DA:92,6
DA:93,6
DA:96,12
DA:97,12
DA:98,0
DA:101,6
DA:104,6
LF:30
LH:25
end_of_record
SF:/Users/nogipx/nogipx_vault/projects/nogipx/rpc_dart/rpc_dart/lib/src/methods/server_streaming_method.dart
DA:12,4
DA:16,4
DA:25,4
DA:33,8
DA:36,4
DA:37,4
DA:38,4
DA:39,4
DA:44,8
DA:45,4
DA:46,4
DA:52,4
DA:54,0
DA:56,0
DA:57,0
DA:61,0
DA:64,0
DA:65,0
DA:68,0
DA:70,0
DA:72,0
DA:73,0
DA:80,4
DA:82,4
DA:83,4
DA:92,4
DA:98,12
DA:100,0
DA:101,0
DA:106,8
DA:110,0
DA:111,0
DA:120,4
DA:122,4
DA:125,8
DA:126,4
DA:127,4
DA:133,8
DA:134,4
DA:135,4
DA:136,4
DA:139,8
DA:140,8
DA:141,0
DA:144,4
DA:147,4
DA:155,4
DA:164,4
DA:172,4
DA:175,8
DA:177,4
DA:179,8
DA:182,4
DA:183,4
DA:185,0
DA:187,0
DA:189,0
DA:190,0
DA:191,0
DA:193,4
DA:195,8
DA:197,4
DA:198,4
LF:63
LH:43
end_of_record
SF:/Users/nogipx/nogipx_vault/projects/nogipx/rpc_dart/rpc_dart/lib/src/streams/impl/bidi_stream.dart
DA:26,14
DA:33,14
DA:39,10
DA:40,20
DA:41,0
DA:44,20
DA:48,8
DA:49,16
DA:53,8
DA:55,8
DA:56,16
DA:58,0
DA:63,0
DA:66,10
DA:68,10
DA:73,18
DA:74,6
DA:78,10
DA:89,8
DA:92,8
DA:94,8
DA:98,2
DA:99,4
DA:100,0
DA:102,2
DA:107,24
DA:110,8
DA:112,4
DA:113,4
DA:114,4
DA:117,2
DA:122,2
DA:127,2
DA:128,2
DA:129,2
DA:138,6
DA:142,6
DA:145,6
DA:147,6
DA:148,6
DA:153,2
DA:162,2
DA:166,2
DA:169,2
LF:44
LH:40
end_of_record
SF:/Users/nogipx/nogipx_vault/projects/nogipx/rpc_dart/rpc_dart/lib/src/streams/models/stream_logger.dart
DA:24,0
DA:26,0
DA:29,0
DA:31,0
DA:34,0
DA:36,0
DA:38,0
DA:40,0
DA:45,12
DA:47,24
DA:53,0
DA:56,0
DA:59,0
DA:62,0
DA:67,36
DA:70,0
LF:16
LH:3
end_of_record
SF:/Users/nogipx/nogipx_vault/projects/nogipx/rpc_dart/rpc_dart/lib/src/streams/impl/client_streaming_bidi_stream.dart
DA:23,6
DA:24,6
DA:26,6
DA:29,18
DA:30,6
DA:31,12
DA:32,12
DA:35,2
DA:36,4
DA:37,4
DA:40,4
DA:41,8
DA:42,4
DA:43,2
DA:46,2
DA:52,8
DA:53,4
DA:59,6
DA:60,12
DA:64,6
DA:65,12
DA:72,6
DA:75,12
DA:78,6
DA:80,6
DA:85,12
DA:88,12
DA:89,6
DA:92,6
LF:29
LH:29
end_of_record
SF:/Users/nogipx/nogipx_vault/projects/nogipx/rpc_dart/rpc_dart/lib/src/streams/managers/server_streams_manager.dart
DA:33,12
DA:34,36
DA:37,12
DA:42,12
DA:43,24
DA:44,24
DA:51,12
DA:53,12
DA:54,0
DA:57,36
DA:58,12
DA:61,36
DA:62,12
DA:63,12
DA:64,24
DA:65,20
DA:66,22
DA:69,24
DA:70,24
DA:71,36
DA:74,24
DA:75,12
DA:77,0
DA:81,0
DA:82,0
DA:84,0
DA:86,0
DA:90,12
DA:91,12
DA:92,24
DA:93,0
DA:101,4
DA:103,4
DA:104,12
DA:110,8
DA:111,4
DA:115,36
DA:119,12
DA:123,12
DA:124,12
DA:125,4
DA:133,10
DA:135,10
DA:137,20
DA:138,20
DA:141,10
DA:148,20
DA:149,20
DA:153,10
DA:155,0
DA:163,4
DA:164,12
DA:166,8
DA:170,10
DA:171,30
DA:175,24
DA:179,6
DA:180,12
DA:186,0
DA:187,0
DA:188,0
DA:189,0
DA:190,0
DA:191,0
DA:195,8
DA:196,8
DA:198,16
DA:200,8
DA:205,12
DA:206,12
DA:208,6
DA:209,4
DA:210,2
DA:218,0
DA:219,0
DA:221,0
DA:222,0
DA:223,0
DA:225,0
DA:229,12
DA:230,12
DA:232,12
DA:235,12
DA:239,24
DA:240,24
DA:243,0
DA:258,12
DA:263,12
DA:266,12
DA:267,24
DA:271,2
DA:272,6
DA:276,2
DA:277,6
DA:281,8
DA:283,16
DA:285,0
DA:289,16
DA:290,16
DA:293,0
LF:100
LH:77
end_of_record
SF:/Users/nogipx/nogipx_vault/projects/nogipx/rpc_dart/rpc_dart/lib/src/streams/managers/bidirectional_streams_manager.dart
DA:39,6
DA:45,6
DA:46,18
DA:48,6
DA:53,12
DA:59,0
DA:60,0
DA:62,0
DA:69,6
DA:70,6
DA:71,0
DA:74,18
DA:75,6
DA:78,6
DA:79,6
DA:82,18
DA:83,6
DA:85,12
DA:86,12
DA:87,6
DA:90,12
DA:93,12
DA:94,6
DA:96,0
DA:100,0
DA:101,0
DA:103,0
DA:105,0
DA:109,6
DA:110,6
DA:111,12
DA:112,0
DA:119,4
DA:120,8
DA:123,4
DA:126,8
DA:127,4
DA:130,8
DA:131,4
DA:134,4
DA:137,8
DA:140,8
DA:143,0
DA:148,0
DA:150,0
DA:152,0
DA:156,0
DA:157,0
DA:160,0
DA:164,0
DA:165,0
DA:168,0
DA:171,0
DA:175,6
DA:176,6
DA:182,18
DA:195,0
DA:196,0
DA:201,4
DA:203,4
DA:205,8
DA:206,8
DA:209,4
DA:215,8
DA:216,8
DA:220,4
DA:222,0
DA:231,4
DA:236,4
DA:238,8
DA:239,4
DA:247,4
DA:252,4
DA:255,10
DA:257,8
DA:261,4
DA:262,12
DA:267,4
DA:269,8
DA:275,2
DA:276,2
DA:277,4
DA:278,12
DA:279,6
DA:280,2
DA:284,12
DA:287,2
DA:288,2
DA:290,4
DA:292,2
DA:297,6
DA:298,6
DA:300,0
DA:301,0
DA:302,0
DA:310,0
DA:311,0
DA:313,0
DA:314,0
DA:315,0
DA:317,0
DA:321,6
DA:322,6
DA:324,6
DA:327,6
DA:331,12
DA:332,12
DA:335,0
DA:339,12
DA:340,12
DA:343,0
DA:361,6
DA:368,6
DA:371,6
DA:372,12
DA:376,4
DA:377,12
DA:381,4
DA:382,12
DA:386,2
DA:388,4
DA:390,0
DA:394,4
DA:395,4
DA:398,0
DA:402,0
DA:403,0
DA:406,0
LF:128
LH:88
end_of_record
SF:/Users/nogipx/nogipx_vault/projects/nogipx/rpc_dart/rpc_dart/lib/src/streams/models/stream_message.dart
DA:23,16
DA:28,16
DA:30,0
DA:32,0
DA:33,0
DA:34,0
DA:35,0
DA:36,0
DA:44,0
DA:48,0
DA:49,0
DA:50,0
DA:51,0
DA:52,0
LF:14
LH:2
end_of_record
SF:/Users/nogipx/nogipx_vault/projects/nogipx/rpc_dart/rpc_dart/lib/src/streams/impl/rpc_stream_base.dart
DA:24,30
DA:31,0
DA:32,0
DA:35,24
DA:38,14
DA:39,14
DA:43,14
DA:44,28
DA:48,28
DA:55,56
DA:63,4
DA:68,8
DA:74,2
DA:76,4
DA:79,2
DA:81,4
DA:84,2
DA:86,4
DA:89,2
DA:91,4
DA:94,2
DA:98,4
DA:101,2
DA:103,4
DA:106,2
DA:108,4
DA:111,4
DA:113,8
DA:116,2
DA:118,4
DA:121,4
DA:122,8
DA:124,0
DA:129,0
DA:132,4
DA:137,8
DA:140,2
DA:142,4
DA:145,2
DA:150,4
DA:153,2
DA:154,4
DA:156,2
DA:157,4
DA:159,2
DA:161,4
DA:164,0
DA:165,0
DA:167,2
DA:172,4
DA:175,0
DA:176,0
DA:178,4
DA:180,8
DA:183,4
DA:187,8
DA:190,0
DA:191,0
DA:193,2
DA:198,4
DA:201,0
DA:203,0
DA:206,2
DA:208,4
DA:211,2
DA:213,4
DA:216,2
DA:218,4
DA:221,4
DA:226,8
DA:229,6
DA:231,12
DA:234,2
DA:236,4
DA:239,2
DA:241,4
DA:244,4
DA:246,8
DA:249,2
DA:251,4
DA:254,4
DA:256,8
LF:82
LH:70
end_of_record
SF:/Users/nogipx/nogipx_vault/projects/nogipx/rpc_dart/rpc_dart/lib/src/streams/impl/server_streaming_bidi_stream.dart
DA:19,20
DA:24,20
DA:30,8
DA:31,8
DA:32,6
DA:35,6
DA:42,8
DA:43,16
LF:8
LH:8
end_of_record
SF:/Users/nogipx/nogipx_vault/projects/nogipx/rpc_dart/rpc_dart/lib/src/streams/models/bidi_stream_interface.dart
DA:17,6
DA:24,4
DA:25,8
DA:29,0
DA:30,0
DA:33,6
DA:40,12
DA:49,0
DA:54,0
DA:57,0
DA:59,0
DA:62,0
DA:64,0
DA:67,0
DA:69,0
DA:72,0
DA:74,0
DA:77,0
DA:80,0
DA:83,0
DA:85,0
DA:88,0
DA:90,0
DA:93,0
DA:95,0
DA:98,0
DA:100,0
DA:103,0
DA:104,0
DA:106,0
DA:111,0
DA:114,0
DA:119,0
DA:122,0
DA:124,0
DA:127,0
DA:128,0
DA:130,0
DA:131,0
DA:133,0
DA:135,0
DA:138,0
DA:139,0
DA:141,0
DA:146,0
DA:149,0
DA:150,0
DA:152,0
DA:154,0
DA:157,0
DA:161,0
DA:164,0
DA:165,0
DA:167,0
DA:172,0
DA:175,0
DA:177,0
DA:180,0
DA:182,0
DA:185,0
DA:187,0
DA:190,0
DA:192,0
DA:195,0
DA:200,0
DA:203,0
DA:205,0
DA:208,0
DA:210,0
DA:213,0
DA:215,0
DA:218,0
DA:220,0
DA:223,0
DA:228,0
DA:231,0
DA:233,0
DA:236,0
DA:238,0
LF:79
LH:5
end_of_record
SF:/Users/nogipx/nogipx_vault/projects/nogipx/rpc_dart/rpc_dart/lib/src/streams/streaming_extensions.dart
DA:15,2
DA:18,2
DA:20,2
DA:21,2
DA:26,2
DA:35,4
DA:36,4
LF:7
LH:7
end_of_record
SF:/Users/nogipx/nogipx_vault/projects/nogipx/rpc_dart/rpc_dart/lib/src/message/primitives/string.dart
DA:9,54
DA:12,2
DA:14,2
DA:16,4
DA:17,4
DA:23,2
DA:24,4
DA:26,0
DA:27,0
LF:9
LH:7
end_of_record
SF:/Users/nogipx/nogipx_vault/projects/nogipx/rpc_dart/rpc_dart/lib/src/message/primitives/bool.dart
DA:16,54
DA:19,2
DA:21,2
DA:23,4
DA:26,6
DA:29,6
DA:30,4
DA:31,4
DA:40,2
DA:41,4
DA:43,0
DA:44,0
LF:12
LH:10
end_of_record
SF:/Users/nogipx/nogipx_vault/projects/nogipx/rpc_dart/rpc_dart/lib/src/message/primitives/num.dart
DA:9,54
DA:12,2
DA:14,2
DA:16,4
DA:19,4
DA:22,4
DA:23,0
DA:25,2
DA:34,2
DA:35,4
DA:37,0
DA:38,0
DA:41,10
DA:42,10
DA:43,10
DA:44,10
DA:45,2
DA:46,2
DA:47,2
DA:48,4
DA:49,0
DA:51,2
DA:54,10
DA:55,8
DA:57,2
DA:58,8
DA:59,2
DA:60,2
DA:62,0
DA:65,2
DA:66,8
DA:67,2
DA:68,2
DA:70,0
DA:73,2
DA:74,8
DA:75,2
DA:76,2
DA:78,0
DA:81,2
DA:82,8
DA:83,2
DA:84,2
DA:86,0
DA:89,2
DA:91,8
DA:92,2
DA:93,2
DA:98,2
DA:99,4
DA:101,2
DA:102,4
DA:103,2
DA:104,2
DA:105,2
DA:106,0
DA:112,54
DA:115,2
DA:117,2
DA:119,4
DA:120,6
DA:121,6
DA:127,2
DA:128,4
DA:130,0
DA:131,0
DA:134,10
DA:135,10
DA:136,10
DA:137,10
DA:138,10
DA:139,10
DA:140,8
DA:142,2
DA:143,8
DA:144,2
DA:145,2
DA:147,0
DA:150,2
DA:151,8
DA:152,2
DA:153,2
DA:155,0
DA:158,2
DA:159,8
DA:160,2
DA:161,2
DA:163,0
DA:166,2
DA:167,8
DA:168,2
DA:169,2
DA:171,0
DA:174,2
DA:176,8
DA:177,2
DA:178,2
DA:183,2
DA:184,4
DA:186,2
DA:187,4
DA:188,2
DA:189,2
DA:190,2
DA:191,0
DA:192,0
DA:198,54
DA:201,2
DA:203,2
DA:205,4
DA:206,6
DA:207,6
DA:213,2
DA:214,4
DA:216,0
DA:217,0
DA:220,2
DA:221,8
DA:222,2
DA:223,8
DA:224,2
DA:225,8
DA:226,2
DA:227,8
DA:228,2
DA:229,8
DA:230,8
DA:232,2
DA:233,8
DA:234,2
DA:235,2
DA:237,0
DA:240,2
DA:241,8
DA:242,2
DA:243,2
DA:245,0
DA:248,2
DA:249,8
DA:250,2
DA:251,2
DA:253,0
DA:256,2
DA:257,8
DA:258,2
DA:259,2
DA:261,0
DA:264,2
DA:266,8
DA:267,2
DA:268,2
DA:273,2
DA:274,4
DA:276,2
DA:277,4
DA:278,2
DA:279,2
DA:280,2
DA:281,4
DA:282,0
LF:160
LH:136
end_of_record
SF:/Users/nogipx/nogipx_vault/projects/nogipx/rpc_dart/rpc_dart/lib/src/message/primitives/null.dart
DA:9,52
DA:12,2
DA:16,2
DA:17,2
DA:19,0
DA:20,0
LF:6
LH:4
end_of_record
SF:/Users/nogipx/nogipx_vault/projects/nogipx/rpc_dart/rpc_dart/lib/src/message/primitives/_index.dart
DA:18,204
DA:20,2
DA:23,8
DA:26,2
DA:27,4
DA:29,2
DA:33,2
DA:36,2
DA:37,2
DA:42,0
DA:48,0
DA:51,0
DA:52,0
LF:13
LH:9
end_of_record
SF:/Users/nogipx/nogipx_vault/projects/nogipx/rpc_dart/rpc_dart/lib/src/message/exception.dart
DA:14,0
DA:15,0
DA:16,0
DA:36,10
DA:42,0
DA:43,0
DA:46,0
DA:47,0
DA:48,0
DA:49,0
DA:52,0
DA:53,0
DA:60,0
DA:61,0
DA:62,0
DA:63,0
DA:67,0
DA:68,0
DA:69,0
DA:70,0
DA:71,0
DA:72,0
DA:73,0
DA:74,0
DA:75,0
DA:76,0
DA:77,0
DA:78,0
DA:80,0
DA:81,0
DA:83,0
DA:85,0
DA:88,0
DA:89,0
DA:91,0
DA:92,0
DA:98,0
DA:110,0
DA:112,0
DA:122,0
DA:123,0
DA:133,0
DA:134,0
DA:144,0
DA:145,0
DA:161,10
DA:165,10
DA:168,10
DA:188,0
DA:194,0
DA:196,0
DA:199,0
DA:201,0
DA:203,0
DA:206,0
DA:209,0
DA:210,0
DA:214,0
LF:58
LH:4
end_of_record
SF:/Users/nogipx/nogipx_vault/projects/nogipx/rpc_dart/rpc_dart/lib/src/message/message.dart
DA:34,14
DA:46,14
DA:47,14
DA:48,28
DA:49,14
DA:50,14
DA:51,14
DA:52,14
DA:53,14
DA:54,14
DA:55,14
DA:60,14
DA:61,14
DA:62,42
DA:63,28
DA:64,38
DA:65,38
DA:66,42
DA:67,42
DA:68,14
DA:69,26
DA:73,2
DA:75,12
DA:76,4
LF:24
LH:24
end_of_record
SF:/Users/nogipx/nogipx_vault/projects/nogipx/rpc_dart/rpc_dart/lib/src/middleware/middleware_chain.dart
DA:20,4
DA:21,8
DA:25,36
DA:35,12
DA:42,12
DA:46,8
DA:47,4
DA:67,12
DA:74,12
DA:79,12
DA:80,4
DA:101,0
DA:109,0
DA:116,0
DA:117,0
DA:142,8
DA:149,8
DA:153,8
DA:154,4
DA:171,6
DA:176,6
DA:179,12
DA:180,4
LF:23
LH:19
end_of_record
SF:/Users/nogipx/nogipx_vault/projects/nogipx/rpc_dart/rpc_dart/lib/src/middleware/rpc_middleware.dart
DA:110,0
DA:120,0
DA:130,0
DA:141,0
DA:151,0
LF:5
LH:0
end_of_record
SF:/Users/nogipx/nogipx_vault/projects/nogipx/rpc_dart/rpc_dart/lib/src/middleware/built_in/debug_middleware.dart
DA:23,4
DA:29,4
DA:30,8
DA:31,8
DA:34,4
DA:42,8
DA:43,4
DA:46,12
DA:47,0
DA:50,8
DA:55,4
DA:63,8
DA:64,4
DA:67,12
DA:68,0
DA:71,8
DA:76,0
DA:85,0
DA:86,0
DA:90,0
DA:93,0
DA:94,0
DA:97,0
DA:102,4
DA:110,4
DA:114,4
DA:115,4
DA:119,8
DA:124,4
DA:130,4
DA:133,8
DA:143,0
DA:148,0
DA:156,0
DA:158,0
DA:161,0
DA:169,0
DA:171,0
DA:174,0
DA:183,0
DA:184,0
DA:189,0
DA:190,0
DA:192,0
DA:193,0
DA:194,0
LF:46
LH:22
end_of_record
SF:/Users/nogipx/nogipx_vault/projects/nogipx/rpc_dart/rpc_dart/lib/src/middleware/built_in/logging_middleware.dart
DA:51,0
DA:52,0
DA:54,0
DA:55,0
DA:68,0
DA:76,0
DA:83,0
DA:88,0
DA:90,0
DA:95,0
DA:99,0
DA:100,0
DA:101,0
DA:105,0
DA:106,0
DA:110,0
DA:111,0
DA:116,0
DA:117,0
DA:122,0
DA:123,0
DA:126,0
DA:134,0
DA:135,0
DA:138,0
DA:146,0
DA:147,0
DA:150,0
DA:159,0
DA:160,0
DA:164,0
DA:167,0
DA:175,0
DA:176,0
DA:178,0
DA:181,0
DA:187,0
DA:188,0
LF:38
LH:0
end_of_record
SF:/Users/nogipx/nogipx_vault/projects/nogipx/rpc_dart/rpc_dart/lib/src/middleware/built_in/metadata_middleware.dart
DA:24,0
DA:27,0
DA:28,0
DA:34,0
DA:35,0
DA:42,0
DA:43,0
DA:46,0
DA:54,0
DA:56,0
DA:59,0
DA:60,0
DA:64,0
DA:65,0
DA:69,0
DA:70,0
DA:77,0
DA:80,0
DA:88,0
DA:90,0
DA:92,0
DA:95,0
DA:96,0
DA:99,0
DA:103,0
DA:105,0
DA:108,0
DA:109,0
DA:112,0
DA:119,0
DA:122,0
DA:132,0
DA:133,0
DA:135,0
DA:138,0
DA:139,0
DA:141,0
DA:144,0
DA:147,0
DA:156,0
DA:159,0
DA:166,0
LF:42
LH:0
end_of_record
SF:/Users/nogipx/nogipx_vault/projects/nogipx/rpc_dart/rpc_dart/lib/src/middleware/built_in/middleware_wrapper.dart
DA:82,0
DA:91,0
DA:99,0
DA:109,0
DA:117,0
DA:127,0
DA:136,0
DA:147,0
DA:155,0
DA:165,0
DA:171,0
DA:174,0
DA:176,0
LF:13
LH:0
end_of_record
SF:/Users/nogipx/nogipx_vault/projects/nogipx/rpc_dart/rpc_dart/lib/src/middleware/built_in/timing_middleware.dart
DA:19,0
DA:23,0
DA:24,0
DA:25,0
DA:27,0
DA:31,0
DA:39,0
DA:40,0
DA:43,0
DA:51,0
DA:53,0
DA:54,0
DA:56,0
DA:59,0
DA:68,0
DA:70,0
DA:71,0
DA:73,0
DA:76,0
DA:85,0
DA:88,0
DA:95,0
LF:22
LH:0
end_of_record
SF:/Users/nogipx/nogipx_vault/projects/nogipx/rpc_dart/rpc_dart/lib/src/serialization/_serializer.dart
DA:9,0
LF:1
LH:0
end_of_record
SF:/Users/nogipx/nogipx_vault/projects/nogipx/rpc_dart/rpc_dart/lib/src/serialization/json_serializer.dart
DA:13,0
DA:27,10
DA:30,20
DA:33,20
DA:35,10
DA:37,40
DA:40,10
DA:43,20
DA:44,20
DA:45,0
DA:46,0
DA:52,0
DA:53,0
DA:59,0
DA:67,0
LF:15
LH:8
end_of_record
SF:/Users/nogipx/nogipx_vault/projects/nogipx/rpc_dart/rpc_dart/lib/src/serialization/msgpack_serializer.dart
DA:24,54
DA:26,6
DA:29,6
DA:33,6
DA:35,0
DA:41,6
DA:47,18
DA:52,6
DA:57,6
DA:58,12
DA:62,12
DA:65,2
DA:66,2
DA:67,2
DA:75,6
DA:76,8
DA:80,6
DA:81,6
DA:82,12
DA:83,12
DA:84,12
DA:85,6
DA:91,0
DA:94,6
DA:97,6
DA:99,6
DA:102,6
DA:103,6
DA:104,4
DA:106,0
DA:111,0
DA:117,6
DA:123,6
DA:125,2
DA:126,4
DA:128,8
DA:132,6
DA:133,6
DA:134,12
DA:135,12
DA:136,12
DA:137,6
DA:147,2
DA:149,6
DA:154,4
DA:155,6
DA:163,0
LF:47
LH:42
end_of_record
SF:/Users/nogipx/nogipx_vault/projects/nogipx/rpc_dart/rpc_dart/lib/src/transport/_transport.dart
DA:31,0
LF:1
LH:0
end_of_record
SF:/Users/nogipx/nogipx_vault/projects/nogipx/rpc_dart/rpc_dart/lib/src/transport/memory_transport.dart
DA:35,16
DA:44,16
DA:45,16
DA:49,16
DA:52,16
DA:54,16
DA:58,16
DA:64,32
DA:66,0
DA:73,16
DA:74,16
DA:75,16
DA:80,0
DA:83,0
DA:84,0
DA:85,0
DA:91,16
DA:93,32
DA:97,16
DA:98,16
DA:100,32
DA:101,32
DA:105,16
DA:107,16
DA:109,32
DA:110,32
DA:114,0
DA:115,0
DA:116,0
DA:122,16
DA:123,16
LF:31
LH:23
end_of_record
SF:/Users/nogipx/nogipx_vault/projects/nogipx/rpc_dart/rpc_dart/lib/src/transport/proxy_transport.dart
DA:18,2
DA:19,2
DA:43,2
DA:50,2
DA:51,2
DA:55,2
DA:56,4
DA:57,2
DA:58,4
DA:59,2
DA:60,8
DA:61,2
DA:62,6
DA:63,0
DA:64,0
DA:68,2
DA:69,4
DA:70,4
DA:73,0
DA:74,0
DA:75,0
DA:76,0
DA:82,2
DA:84,4
DA:87,2
DA:92,2
DA:96,2
DA:99,6
DA:101,4
DA:108,2
DA:115,2
DA:117,2
DA:121,4
DA:122,2
DA:125,4
DA:126,4
DA:131,0
DA:132,0
DA:133,0
LF:39
LH:30
end_of_record
