SF:/Users/nogipx/nogipx_vault/projects/nogipx/rpc_dart/rpc_dart/lib/src/contracts/_contract.dart
DA:31,0
DA:142,6
DA:149,0
DA:156,0
DA:160,0
DA:167,0
DA:170,0
DA:172,0
DA:174,0
DA:178,0
DA:179,0
DA:180,0
DA:183,0
DA:184,0
LF:14
LH:1
end_of_record
SF:/Users/nogipx/nogipx_vault/projects/nogipx/rpc_dart/rpc_dart/lib/src/contracts/rpc_service_contract.dart
DA:36,6
DA:39,1
DA:40,2
DA:44,6
DA:45,12
DA:50,6
DA:53,7
DA:54,1
DA:58,6
DA:60,6
DA:61,6
DA:63,7
DA:64,2
DA:69,6
DA:75,12
DA:76,12
DA:82,2
DA:83,1
DA:91,6
DA:97,6
DA:98,12
DA:99,12
DA:103,2
DA:104,1
DA:112,6
DA:118,6
DA:119,12
DA:120,12
DA:125,2
DA:126,1
DA:134,6
DA:140,6
DA:141,12
DA:142,12
DA:147,2
DA:148,1
DA:156,3
DA:164,6
DA:165,3
DA:171,6
DA:172,6
DA:173,6
DA:176,2
DA:184,4
DA:185,2
DA:191,4
DA:192,4
DA:193,4
DA:196,1
DA:204,2
DA:205,1
DA:211,2
DA:212,2
DA:213,2
DA:216,1
DA:224,2
DA:225,1
DA:231,2
DA:232,2
DA:233,2
LF:60
LH:60
end_of_record
SF:/Users/nogipx/nogipx_vault/projects/nogipx/rpc_dart/rpc_dart/lib/diagnostics/contracts/subcontracts/metrics.dart
DA:16,0
DA:18,0
DA:20,0
DA:22,0
DA:27,0
DA:29,0
DA:34,0
DA:36,0
DA:41,0
DA:43,0
DA:48,0
DA:50,0
DA:51,0
DA:56,0
DA:79,0
DA:81,0
DA:83,0
DA:84,0
DA:85,0
DA:86,0
DA:89,0
DA:95,0
DA:97,0
DA:98,0
DA:99,0
DA:102,0
DA:108,0
DA:110,0
DA:111,0
DA:112,0
DA:115,0
DA:121,0
DA:123,0
DA:124,0
DA:125,0
DA:128,0
DA:134,0
DA:136,0
DA:137,0
DA:138,0
DA:141,0
LF:41
LH:0
end_of_record
SF:/Users/nogipx/nogipx_vault/projects/nogipx/rpc_dart/rpc_dart/lib/diagnostics/contracts/diagnostic_server_contract.dart
DA:9,0
DA:20,0
DA:21,0
DA:28,0
DA:32,0
DA:35,0
DA:50,0
DA:62,0
DA:64,0
DA:65,0
DA:68,0
DA:70,0
DA:71,0
DA:74,0
DA:76,0
DA:77,0
DA:80,0
DA:82,0
DA:83,0
DA:86,0
DA:88,0
DA:89,0
DA:97,0
DA:103,0
DA:105,0
DA:106,0
DA:109,0
DA:111,0
DA:112,0
DA:113,0
DA:114,0
DA:116,0
DA:123,0
DA:127,0
DA:129,0
DA:130,0
DA:138,0
DA:144,0
DA:146,0
DA:147,0
DA:150,0
DA:152,0
DA:153,0
LF:43
LH:0
end_of_record
SF:/Users/nogipx/nogipx_vault/projects/nogipx/rpc_dart/rpc_dart/lib/diagnostics/contracts/diagnostic_client_contract.dart
DA:11,0
DA:12,0
DA:13,0
DA:14,0
DA:15,0
DA:16,0
DA:18,0
LF:7
LH:0
end_of_record
SF:/Users/nogipx/nogipx_vault/projects/nogipx/rpc_dart/rpc_dart/lib/diagnostics/contracts/subcontracts/client_management.dart
DA:13,0
DA:15,0
DA:17,0
DA:19,0
DA:24,0
DA:26,0
DA:31,0
DA:44,0
DA:46,0
DA:48,0
DA:49,0
DA:50,0
DA:53,0
DA:59,0
DA:61,0
DA:62,0
DA:63,0
DA:66,0
LF:18
LH:0
end_of_record
SF:/Users/nogipx/nogipx_vault/projects/nogipx/rpc_dart/rpc_dart/lib/diagnostics/contracts/_contract.dart
DA:31,0
DA:36,0
DA:38,0
DA:40,0
DA:41,0
DA:42,0
DA:43,0
DA:45,0
LF:8
LH:0
end_of_record
SF:/Users/nogipx/nogipx_vault/projects/nogipx/rpc_dart/rpc_dart/lib/diagnostics/contracts/subcontracts/logging.dart
DA:13,0
DA:15,0
DA:17,0
DA:19,0
DA:24,0
DA:26,0
DA:27,0
DA:28,0
DA:32,0
DA:45,0
DA:47,0
DA:49,0
DA:50,0
DA:51,0
DA:54,0
DA:60,0
DA:62,0
DA:63,0
DA:64,0
DA:67,0
LF:20
LH:0
end_of_record
SF:/Users/nogipx/nogipx_vault/projects/nogipx/rpc_dart/rpc_dart/lib/diagnostics/contracts/subcontracts/tracing.dart
DA:12,0
DA:14,0
DA:16,0
DA:18,0
DA:23,0
DA:33,0
DA:35,0
DA:37,0
DA:38,0
DA:39,0
DA:42,0
LF:11
LH:0
end_of_record
SF:/Users/nogipx/nogipx_vault/projects/nogipx/rpc_dart/rpc_dart/lib/diagnostics/contracts/rpc_diagnostic_client.dart
DA:36,0
DA:41,0
DA:43,0
DA:45,0
DA:46,0
DA:47,0
DA:48,0
DA:53,0
DA:57,0
DA:58,0
DA:59,0
DA:62,0
DA:63,0
DA:65,0
DA:66,0
DA:67,0
DA:68,0
DA:70,0
DA:73,0
DA:77,0
DA:78,0
DA:80,0
DA:81,0
DA:83,0
DA:86,0
DA:92,0
DA:95,0
DA:96,0
DA:97,0
DA:98,0
DA:99,0
DA:100,0
DA:106,0
DA:107,0
DA:108,0
DA:109,0
DA:113,0
DA:114,0
DA:118,0
DA:121,0
DA:131,0
DA:132,0
DA:134,0
DA:145,0
DA:148,0
DA:151,0
DA:157,0
DA:169,0
DA:170,0
DA:172,0
DA:182,0
DA:186,0
DA:189,0
DA:192,0
DA:198,0
DA:210,0
DA:211,0
DA:213,0
DA:226,0
DA:229,0
DA:232,0
DA:238,0
DA:247,0
DA:248,0
DA:251,0
DA:252,0
DA:253,0
DA:256,0
DA:266,0
DA:269,0
DA:275,0
DA:286,0
DA:287,0
DA:290,0
DA:291,0
DA:292,0
DA:295,0
DA:307,0
DA:310,0
DA:316,0
DA:317,0
DA:321,0
DA:325,0
DA:326,0
DA:330,0
DA:334,0
DA:335,0
DA:339,0
DA:343,0
DA:344,0
DA:348,0
DA:352,0
DA:353,0
DA:357,0
DA:361,0
DA:362,0
DA:367,0
DA:370,0
DA:371,0
DA:376,0
DA:377,0
DA:382,0
DA:385,0
DA:386,0
DA:391,0
DA:392,0
DA:396,0
DA:397,0
DA:401,0
DA:402,0
DA:406,0
DA:409,0
DA:412,0
DA:417,0
DA:418,0
DA:423,0
DA:424,0
DA:431,0
DA:440,0
DA:441,0
DA:444,0
DA:450,0
DA:453,0
DA:454,0
DA:455,0
DA:459,0
DA:460,0
DA:473,0
DA:480,0
DA:482,0
DA:485,0
DA:486,0
DA:489,0
DA:493,0
DA:494,0
DA:497,0
DA:502,0
DA:503,0
DA:507,0
DA:510,0
DA:513,0
DA:514,0
DA:519,0
DA:520,0
DA:522,0
DA:523,0
DA:524,0
DA:527,0
DA:528,0
DA:530,0
DA:532,0
DA:534,0
DA:536,0
DA:544,0
DA:546,0
DA:547,0
DA:550,0
DA:551,0
DA:556,0
DA:566,0
DA:567,0
DA:569,0
DA:571,0
DA:583,0
DA:586,0
DA:592,0
DA:602,0
DA:613,0
DA:617,0
DA:624,0
DA:635,0
DA:642,0
DA:653,0
DA:660,0
DA:671,0
DA:680,0
DA:693,0
DA:702,0
DA:714,0
DA:715,0
DA:736,0
DA:738,0
DA:739,0
DA:746,0
DA:757,0
DA:758,0
DA:764,0
DA:765,0
DA:767,0
DA:770,0
DA:771,0
DA:772,0
DA:777,0
DA:781,0
DA:784,0
DA:785,0
DA:789,0
DA:790,0
DA:794,0
DA:797,0
DA:800,0
DA:801,0
LF:202
LH:0
end_of_record
SF:/Users/nogipx/nogipx_vault/projects/nogipx/rpc_dart/rpc_dart/lib/diagnostics/models/diagnostic_options.dart
DA:54,0
LF:1
LH:0
end_of_record
SF:/Users/nogipx/nogipx_vault/projects/nogipx/rpc_dart/rpc_dart/lib/diagnostics/logging.dart
DA:31,12
DA:37,0
DA:39,0
DA:40,0
DA:44,0
DA:49,0
DA:54,0
DA:59,6
DA:72,24
DA:73,3
DA:85,0
DA:99,3
DA:107,3
DA:109,30
DA:113,3
DA:115,3
DA:117,3
DA:119,1
DA:121,0
DA:127,0
DA:128,6
DA:131,2
DA:135,0
DA:140,6
DA:147,6
DA:158,1
DA:165,1
DA:176,2
DA:183,2
DA:194,1
DA:203,1
DA:216,0
DA:225,0
LF:33
LH:21
end_of_record
SF:/Users/nogipx/nogipx_vault/projects/nogipx/rpc_dart/rpc_dart/lib/diagnostics/models/metrics/rpc_trace_metric.dart
DA:33,0
DA:34,0
DA:35,0
DA:36,0
DA:79,0
DA:94,0
DA:96,0
DA:97,0
DA:98,0
DA:99,0
DA:100,0
DA:101,0
DA:102,0
DA:103,0
DA:104,0
DA:105,0
DA:106,0
DA:107,0
DA:112,0
DA:113,0
DA:114,0
DA:116,0
DA:117,0
DA:118,0
DA:119,0
DA:121,0
DA:122,0
DA:123,0
DA:124,0
DA:125,0
DA:126,0
DA:127,0
LF:32
LH:0
end_of_record
SF:/Users/nogipx/nogipx_vault/projects/nogipx/rpc_dart/rpc_dart/lib/diagnostics/models/metrics/rpc_error_metric.dart
DA:16,0
DA:17,0
DA:18,0
DA:19,0
DA:47,0
DA:58,0
DA:59,0
DA:60,0
DA:61,0
DA:62,0
DA:63,0
DA:64,0
DA:65,0
DA:66,0
DA:70,0
DA:71,0
DA:72,0
DA:74,0
DA:76,0
DA:77,0
DA:78,0
DA:79,0
DA:80,0
DA:81,0
LF:24
LH:0
end_of_record
SF:/Users/nogipx/nogipx_vault/projects/nogipx/rpc_dart/rpc_dart/lib/diagnostics/models/metrics/_metric.dart
DA:26,0
DA:27,0
DA:28,0
DA:29,0
DA:54,0
DA:63,0
DA:65,0
DA:66,0
DA:67,0
DA:68,0
DA:69,0
DA:73,0
DA:74,0
DA:75,0
DA:78,0
DA:81,0
DA:89,0
DA:92,0
DA:93,0
DA:94,0
DA:95,0
DA:96,0
DA:97,0
DA:99,0
DA:102,0
DA:107,0
DA:109,0
DA:114,0
DA:116,0
DA:121,0
DA:123,0
DA:128,0
DA:130,0
DA:135,0
DA:137,0
DA:142,0
DA:144,0
DA:149,0
DA:150,0
DA:151,0
DA:155,0
DA:161,0
DA:171,0
DA:177,0
DA:187,0
DA:193,0
DA:203,0
DA:209,0
DA:219,0
DA:225,0
DA:235,0
DA:241,0
LF:52
LH:0
end_of_record
SF:/Users/nogipx/nogipx_vault/projects/nogipx/rpc_dart/rpc_dart/lib/diagnostics/models/metrics/rpc_latency_metric.dart
DA:33,0
DA:34,0
DA:35,0
DA:36,0
DA:71,0
DA:88,0
DA:106,0
DA:108,0
DA:109,0
DA:110,0
DA:111,0
DA:112,0
DA:113,0
DA:114,0
DA:115,0
DA:116,0
DA:117,0
DA:118,0
DA:119,0
DA:120,0
DA:121,0
DA:122,0
DA:123,0
DA:128,0
DA:129,0
DA:130,0
DA:132,0
DA:133,0
DA:134,0
DA:135,0
DA:137,0
DA:138,0
DA:139,0
DA:140,0
DA:141,0
DA:142,0
DA:143,0
DA:144,0
DA:145,0
DA:146,0
LF:40
LH:0
end_of_record
SF:/Users/nogipx/nogipx_vault/projects/nogipx/rpc_dart/rpc_dart/lib/diagnostics/models/metrics/rpc_resource_metric.dart
DA:36,0
DA:49,0
DA:50,0
DA:51,0
DA:52,0
DA:53,0
DA:54,0
DA:55,0
DA:56,0
DA:57,0
DA:58,0
DA:59,0
DA:63,0
DA:64,0
DA:65,0
DA:66,0
DA:67,0
DA:68,0
DA:69,0
DA:70,0
DA:71,0
DA:72,0
DA:73,0
LF:23
LH:0
end_of_record
SF:/Users/nogipx/nogipx_vault/projects/nogipx/rpc_dart/rpc_dart/lib/diagnostics/models/metrics/rpc_stream_metric.dart
DA:30,0
DA:31,0
DA:32,0
DA:33,0
DA:52,0
DA:53,0
DA:54,0
DA:55,0
DA:101,0
DA:118,0
DA:120,0
DA:121,0
DA:122,0
DA:123,0
DA:124,0
DA:125,0
DA:126,0
DA:127,0
DA:128,0
DA:129,0
DA:130,0
DA:131,0
DA:132,0
DA:133,0
DA:138,0
DA:139,0
DA:140,0
DA:142,0
DA:143,0
DA:145,0
DA:146,0
DA:147,0
DA:148,0
DA:149,0
DA:152,0
DA:153,0
DA:154,0
DA:155,0
DA:156,0
DA:157,0
DA:158,0
LF:41
LH:0
end_of_record
SF:/Users/nogipx/nogipx_vault/projects/nogipx/rpc_dart/rpc_dart/lib/diagnostics/models/metrics/rpc_log_metric.dart
DA:17,0
DA:18,0
DA:19,0
DA:20,0
DA:63,0
DA:78,0
DA:80,0
DA:81,0
DA:82,0
DA:83,0
DA:84,0
DA:85,0
DA:86,0
DA:87,0
DA:88,0
DA:89,0
DA:90,0
DA:91,0
DA:96,0
DA:97,0
DA:98,0
DA:100,0
DA:101,0
DA:102,0
DA:103,0
DA:105,0
DA:106,0
DA:107,0
DA:108,0
DA:109,0
DA:110,0
DA:111,0
LF:32
LH:0
end_of_record
SF:/Users/nogipx/nogipx_vault/projects/nogipx/rpc_dart/rpc_dart/lib/diagnostics/models/client_identity.dart
DA:40,0
DA:53,0
DA:54,0
DA:55,0
DA:56,0
DA:57,0
DA:58,0
DA:59,0
DA:60,0
DA:61,0
DA:62,0
DA:63,0
DA:67,0
DA:70,0
DA:71,0
DA:72,0
DA:73,0
DA:74,0
DA:75,0
DA:76,0
DA:77,0
DA:78,0
DA:79,0
DA:80,0
DA:85,0
DA:86,0
DA:87,0
DA:90,0
DA:92,0
DA:93,0
DA:94,0
LF:31
LH:0
end_of_record
SF:/Users/nogipx/nogipx_vault/projects/nogipx/rpc_dart/rpc_dart/lib/diagnostics/models/rpc_metrics_list.dart
DA:12,0
DA:14,0
DA:16,0
DA:17,0
DA:21,0
DA:22,0
DA:23,0
DA:25,0
DA:26,0
LF:9
LH:0
end_of_record
SF:/Users/nogipx/nogipx_vault/projects/nogipx/rpc_dart/rpc_dart/lib/src/endpoint/impl/rpc_endpoint_impl.dart
DA:7,21
DA:8,7
DA:10,49
DA:32,7
DA:37,7
DA:44,0
DA:45,0
DA:47,0
DA:48,0
DA:50,2
DA:52,4
DA:54,4
DA:56,8
DA:58,7
DA:59,14
DA:61,3
DA:68,6
DA:75,5
DA:83,10
DA:91,0
DA:92,0
DA:94,4
DA:102,8
DA:110,7
DA:116,14
DA:122,6
DA:127,6
DA:128,6
DA:129,12
DA:132,4
DA:140,8
DA:148,0
DA:156,0
DA:165,6
DA:169,18
DA:170,0
DA:171,0
DA:175,6
DA:179,6
DA:182,18
DA:183,30
DA:186,6
DA:189,6
DA:190,7
DA:191,3
DA:193,1
DA:199,12
DA:200,6
DA:201,6
DA:202,6
DA:203,6
DA:204,6
DA:213,6
DA:214,3
DA:215,3
DA:217,3
DA:222,4
DA:223,2
DA:224,2
DA:226,2
DA:231,2
DA:232,1
DA:233,1
DA:235,1
DA:240,1
DA:241,1
DA:242,1
DA:244,1
DA:251,0
DA:252,0
DA:261,6
DA:265,12
DA:269,3
DA:274,3
DA:277,2
DA:282,2
DA:285,1
DA:290,1
DA:293,1
DA:298,1
LF:80
LH:68
end_of_record
SF:/Users/nogipx/nogipx_vault/projects/nogipx/rpc_dart/rpc_dart/lib/src/endpoint/rpc_endpoint.dart
DA:16,7
DA:23,0
DA:25,0
LF:3
LH:1
end_of_record
SF:/Users/nogipx/nogipx_vault/projects/nogipx/rpc_dart/rpc_dart/lib/src/endpoint/impl/method_context.dart
DA:15,0
DA:51,7
DA:64,8
DA:67,7
DA:68,28
DA:71,0
DA:72,0
DA:75,0
DA:76,0
DA:77,0
DA:80,1
DA:81,1
DA:82,1
DA:83,3
DA:84,1
DA:85,0
DA:87,1
DA:88,0
DA:90,1
DA:91,1
DA:92,1
DA:115,7
DA:124,8
DA:126,7
DA:127,1
DA:129,0
DA:132,7
DA:143,0
DA:145,0
DA:147,0
DA:151,0
DA:153,0
DA:157,0
DA:158,0
DA:162,2
DA:163,2
DA:166,7
DA:167,7
DA:170,7
DA:171,7
DA:174,6
DA:175,6
LF:42
LH:26
end_of_record
SF:/Users/nogipx/nogipx_vault/projects/nogipx/rpc_dart/rpc_dart/lib/src/endpoint/impl/rpc_endpoint_core_impl.dart
DA:15,0
DA:16,0
DA:20,0
DA:21,0
DA:50,7
DA:56,7
DA:57,7
DA:60,7
DA:61,14
DA:64,7
DA:65,35
DA:71,2
DA:73,4
DA:81,7
DA:87,28
DA:88,21
DA:98,5
DA:106,5
DA:107,5
DA:108,10
DA:110,5
DA:117,5
DA:120,5
DA:123,0
DA:125,0
DA:126,0
DA:127,0
DA:128,0
DA:133,5
DA:144,4
DA:153,0
DA:156,8
DA:157,3
DA:160,4
DA:161,8
DA:163,4
DA:170,4
DA:173,4
DA:175,4
DA:179,7
DA:180,14
DA:181,7
DA:183,7
DA:184,7
DA:185,7
DA:187,7
DA:188,6
DA:190,5
DA:191,4
DA:193,4
DA:194,2
DA:196,2
DA:197,2
DA:199,0
DA:200,0
DA:202,0
DA:205,0
DA:212,7
DA:213,7
DA:214,7
DA:217,0
DA:218,0
DA:220,0
DA:225,21
DA:227,1
DA:228,1
DA:229,1
DA:230,1
DA:239,7
DA:240,7
DA:241,7
DA:242,7
DA:243,7
DA:249,14
DA:252,7
DA:258,7
DA:259,7
DA:260,7
DA:261,7
DA:268,7
DA:274,14
DA:282,7
DA:283,7
DA:285,7
DA:287,7
DA:288,7
DA:289,7
DA:294,1
DA:295,1
DA:296,1
DA:297,1
DA:298,1
DA:304,2
DA:315,1
DA:317,1
DA:319,1
DA:320,1
DA:321,1
DA:322,1
DA:323,1
DA:329,6
DA:330,18
DA:331,5
DA:332,10
DA:337,4
DA:338,12
DA:339,4
DA:341,4
DA:342,12
DA:343,0
DA:347,8
DA:348,4
DA:349,4
DA:350,4
DA:351,4
DA:353,4
DA:356,8
DA:357,4
DA:358,4
DA:359,0
DA:362,0
DA:368,2
DA:369,6
DA:370,2
DA:372,4
DA:373,2
DA:374,2
DA:375,2
DA:376,2
DA:377,2
DA:379,4
DA:380,2
DA:381,2
DA:382,0
DA:383,0
DA:386,0
DA:392,2
DA:393,6
DA:394,1
DA:395,2
DA:398,6
DA:399,1
DA:400,2
DA:405,0
DA:406,0
DA:407,0
DA:409,0
DA:410,0
DA:411,0
DA:412,0
DA:418,2
DA:424,2
DA:425,2
DA:431,2
DA:437,7
DA:438,21
DA:439,14
DA:443,0
DA:444,0
DA:447,7
DA:449,14
DA:450,7
DA:453,14
DA:454,0
DA:455,0
DA:458,14
DA:461,17
DA:462,3
DA:463,3
DA:466,14
DA:468,14
DA:478,4
DA:487,0
DA:491,8
DA:500,4
DA:507,4
DA:510,4
DA:520,0
DA:528,0
DA:535,0
DA:538,0
DA:547,3
DA:556,6
DA:563,3
DA:569,3
DA:572,3
DA:575,0
DA:580,0
DA:583,0
DA:588,0
DA:591,0
DA:596,0
DA:599,0
DA:604,0
LF:194
LH:147
end_of_record
SF:/Users/nogipx/nogipx_vault/projects/nogipx/rpc_dart/rpc_dart/lib/src/methods/_method.dart
DA:27,6
DA:30,6
DA:35,18
DA:37,0
DA:41,12
DA:44,0
DA:45,0
DA:53,6
DA:54,12
DA:55,0
DA:57,6
DA:60,6
DA:61,12
DA:62,0
DA:64,6
LF:15
LH:10
end_of_record
SF:/Users/nogipx/nogipx_vault/projects/nogipx/rpc_dart/rpc_dart/lib/src/methods/client_streaming_method.dart
DA:11,1
DA:15,1
DA:24,1
DA:32,2
DA:35,1
DA:42,1
DA:43,1
DA:44,1
DA:45,1
DA:49,2
DA:51,1
DA:58,1
DA:59,1
DA:61,1
DA:63,2
DA:68,1
DA:70,1
DA:72,1
DA:76,0
DA:77,0
DA:79,0
DA:81,0
DA:83,0
DA:85,0
DA:87,0
DA:91,0
DA:92,0
DA:94,0
DA:98,0
DA:100,0
DA:101,0
DA:108,1
DA:110,1
DA:112,0
DA:114,0
DA:117,0
DA:121,1
DA:123,2
DA:126,1
DA:127,1
DA:131,1
DA:133,0
DA:135,0
DA:141,1
DA:143,2
DA:153,2
DA:155,1
DA:156,1
DA:157,1
DA:161,1
DA:163,1
DA:165,2
DA:173,0
DA:175,0
DA:180,0
DA:182,0
DA:183,0
DA:184,0
DA:190,0
DA:192,0
DA:197,0
DA:199,0
DA:200,0
DA:207,0
DA:212,1
DA:220,1
DA:226,3
DA:228,0
DA:230,0
DA:237,2
DA:241,0
DA:242,0
DA:251,1
DA:254,1
DA:257,2
DA:258,1
DA:259,1
DA:263,1
DA:265,3
DA:268,1
DA:269,1
DA:275,2
DA:276,1
DA:277,1
DA:278,1
DA:279,1
DA:280,3
DA:285,1
DA:288,1
DA:294,2
DA:295,1
DA:296,1
DA:301,2
DA:303,1
DA:304,2
DA:305,2
DA:306,2
DA:307,2
DA:308,1
DA:313,0
DA:314,0
DA:319,0
DA:320,0
DA:335,1
DA:338,1
DA:339,1
DA:340,0
DA:341,1
DA:343,1
DA:344,1
DA:353,1
DA:354,1
DA:355,1
DA:356,2
DA:361,0
DA:362,0
DA:364,0
DA:365,0
DA:367,0
DA:375,0
DA:376,0
DA:378,0
DA:380,0
DA:384,0
DA:385,0
DA:387,0
DA:389,0
DA:390,0
DA:392,0
DA:397,1
DA:409,1
DA:411,1
DA:412,2
DA:416,2
DA:417,1
DA:421,1
DA:424,2
DA:425,1
DA:426,0
DA:427,0
DA:432,1
DA:433,1
DA:438,1
DA:439,1
DA:440,1
DA:444,2
DA:447,1
DA:448,1
DA:452,1
DA:455,2
DA:457,1
DA:458,1
DA:461,1
DA:464,0
DA:465,0
DA:467,0
DA:468,0
DA:471,0
DA:473,0
DA:474,0
DA:475,0
DA:478,0
DA:480,0
DA:481,0
DA:489,1
DA:491,3
LF:166
LH:99
end_of_record
SF:/Users/nogipx/nogipx_vault/projects/nogipx/rpc_dart/rpc_dart/lib/src/methods/_method_implementation.dart
DA:29,3
DA:39,2
DA:49,1
DA:59,1
DA:69,3
DA:70,6
DA:71,0
DA:73,3
DA:74,0
DA:77,6
DA:81,2
DA:84,4
DA:85,0
DA:87,2
DA:88,0
DA:92,4
DA:95,0
DA:96,0
DA:97,0
DA:100,0
DA:111,0
DA:116,0
DA:117,0
DA:119,0
DA:120,0
DA:124,0
DA:127,0
DA:128,0
DA:129,0
DA:130,0
DA:134,0
DA:140,1
DA:143,2
DA:144,0
DA:146,1
DA:147,0
DA:152,2
DA:155,2
DA:157,1
DA:160,1
DA:161,1
DA:162,1
DA:163,2
DA:166,1
DA:168,0
DA:169,0
DA:172,0
DA:173,0
DA:175,0
DA:177,0
DA:178,0
DA:182,0
DA:187,1
DA:188,1
DA:189,1
DA:191,2
DA:198,1
DA:200,0
DA:203,0
DA:204,0
DA:206,0
DA:209,0
DA:210,0
DA:213,0
DA:214,0
DA:216,0
DA:218,0
DA:220,0
DA:228,0
DA:230,0
DA:231,0
DA:239,1
DA:243,1
DA:245,0
DA:246,0
DA:251,0
DA:252,0
DA:253,0
DA:258,0
DA:262,0
DA:265,0
DA:267,0
DA:268,0
DA:269,0
DA:270,0
DA:275,0
DA:278,0
DA:280,0
DA:281,0
DA:282,0
DA:283,0
LF:91
LH:30
end_of_record
SF:/Users/nogipx/nogipx_vault/projects/nogipx/rpc_dart/rpc_dart/lib/src/methods/bidirectional_streaming_method.dart
DA:11,1
DA:15,1
DA:22,1
DA:29,2
DA:32,1
DA:35,2
DA:36,1
DA:37,1
DA:38,1
DA:44,1
DA:45,1
DA:46,1
DA:47,1
DA:50,2
DA:51,1
DA:53,2
DA:55,0
DA:58,2
DA:59,0
DA:62,1
DA:65,0
DA:68,0
DA:69,0
DA:72,0
DA:73,0
DA:80,1
DA:82,0
DA:83,0
DA:91,2
DA:92,1
DA:93,2
DA:95,1
DA:96,1
DA:97,1
DA:100,1
DA:102,2
DA:104,1
DA:105,1
DA:106,1
DA:111,1
DA:113,2
DA:114,2
DA:123,1
DA:129,3
DA:131,0
DA:132,0
DA:137,2
DA:141,0
DA:142,0
DA:151,1
DA:154,1
DA:157,2
DA:158,1
DA:159,1
DA:165,2
DA:166,1
DA:167,1
DA:168,1
DA:171,1
DA:172,1
DA:173,2
DA:177,1
DA:179,1
DA:182,2
DA:187,1
DA:189,1
DA:194,1
DA:197,1
DA:198,1
DA:199,1
DA:200,1
DA:203,1
DA:204,1
DA:205,1
DA:206,1
DA:210,1
DA:211,2
DA:212,1
DA:217,1
DA:223,1
DA:224,1
DA:227,1
DA:229,1
DA:232,1
DA:234,0
DA:235,0
DA:237,0
DA:239,0
DA:242,1
DA:243,1
DA:244,1
DA:246,2
DA:251,1
DA:252,1
DA:257,1
DA:258,0
DA:266,2
DA:269,1
DA:270,1
DA:271,1
DA:272,1
DA:276,2
DA:278,1
DA:279,1
DA:280,1
DA:283,0
DA:284,0
DA:286,0
DA:291,0
DA:292,0
DA:293,0
DA:295,0
DA:298,0
DA:300,0
DA:301,0
DA:302,0
DA:305,0
DA:306,0
DA:308,0
DA:312,0
DA:313,0
DA:318,0
DA:320,0
DA:321,0
DA:324,0
DA:325,0
DA:327,0
DA:333,0
DA:334,0
DA:335,0
DA:337,0
DA:344,1
DA:351,1
DA:356,0
DA:358,0
DA:360,0
DA:362,0
DA:363,0
LF:138
LH:89
end_of_record
SF:/Users/nogipx/nogipx_vault/projects/nogipx/rpc_dart/rpc_dart/lib/src/methods/unary_request_method.dart
DA:11,3
DA:15,3
DA:23,3
DA:29,6
DA:30,3
DA:31,3
DA:32,3
DA:38,3
DA:39,3
DA:51,3
DA:57,9
DA:59,0
DA:60,0
DA:65,6
DA:69,0
DA:70,0
DA:78,3
DA:79,3
DA:82,6
DA:83,3
DA:84,3
DA:90,6
DA:91,3
DA:92,3
DA:93,3
DA:96,6
DA:97,6
DA:98,0
DA:101,3
DA:104,3
LF:30
LH:25
end_of_record
SF:/Users/nogipx/nogipx_vault/projects/nogipx/rpc_dart/rpc_dart/lib/src/methods/server_streaming_method.dart
DA:12,2
DA:16,2
DA:25,2
DA:33,4
DA:36,2
DA:37,2
DA:38,2
DA:39,2
DA:44,4
DA:45,2
DA:46,2
DA:52,2
DA:54,0
DA:56,0
DA:57,0
DA:61,0
DA:64,0
DA:65,0
DA:68,0
DA:70,0
DA:72,0
DA:73,0
DA:80,2
DA:82,2
DA:83,2
DA:92,2
DA:98,6
DA:100,0
DA:101,0
DA:106,4
DA:110,0
DA:111,0
DA:120,2
DA:122,2
DA:125,4
DA:126,2
DA:127,2
DA:133,4
DA:134,2
DA:135,2
DA:136,2
DA:139,4
DA:140,4
DA:141,0
DA:144,2
DA:147,2
DA:155,2
DA:164,2
DA:172,2
DA:175,4
DA:177,2
DA:179,4
DA:182,2
DA:183,2
DA:185,0
DA:187,0
DA:189,0
DA:190,0
DA:191,0
DA:193,2
DA:195,4
DA:197,2
DA:198,2
LF:63
LH:43
end_of_record
SF:/Users/nogipx/nogipx_vault/projects/nogipx/rpc_dart/rpc_dart/lib/src/streams/impl/bidi_stream.dart
DA:26,7
DA:33,7
DA:39,5
DA:40,10
DA:41,0
DA:44,10
DA:48,4
DA:49,8
DA:53,4
DA:55,4
DA:56,8
DA:58,0
DA:63,0
DA:66,5
DA:68,5
DA:73,9
DA:74,3
DA:78,5
DA:89,4
DA:92,4
DA:94,4
DA:98,1
DA:99,2
DA:100,0
DA:102,1
DA:107,12
DA:110,4
DA:112,2
DA:113,2
DA:114,2
DA:117,1
DA:122,1
DA:127,1
DA:128,1
DA:129,1
DA:138,3
DA:142,3
DA:145,3
DA:147,3
DA:148,3
DA:153,1
DA:162,1
DA:166,1
DA:169,1
LF:44
LH:40
end_of_record
SF:/Users/nogipx/nogipx_vault/projects/nogipx/rpc_dart/rpc_dart/lib/src/streams/impl/rpc_stream_base.dart
DA:24,15
DA:31,12
DA:34,7
DA:35,7
DA:39,7
DA:40,14
DA:44,14
DA:51,28
DA:59,2
DA:64,4
DA:70,1
DA:72,2
DA:75,1
DA:77,2
DA:80,1
DA:82,2
DA:85,1
DA:87,2
DA:90,1
DA:94,2
DA:97,1
DA:99,2
DA:102,1
DA:104,2
DA:107,2
DA:109,4
DA:112,1
DA:114,2
DA:117,2
DA:118,4
DA:120,0
DA:125,0
DA:128,2
DA:133,4
DA:136,1
DA:138,2
DA:141,1
DA:146,2
DA:149,1
DA:150,2
DA:152,1
DA:153,2
DA:155,1
DA:157,2
DA:160,0
DA:161,0
DA:163,1
DA:168,2
DA:171,0
DA:172,0
DA:174,2
DA:176,4
DA:179,2
DA:183,4
DA:186,0
DA:187,0
DA:189,1
DA:194,2
DA:197,0
DA:199,0
DA:202,1
DA:204,2
DA:207,1
DA:209,2
DA:212,1
DA:214,2
DA:217,2
DA:222,4
DA:225,3
DA:227,6
DA:230,1
DA:232,2
DA:235,1
DA:237,2
DA:240,2
DA:242,4
DA:245,1
DA:247,2
DA:250,2
DA:252,4
LF:80
LH:70
end_of_record
SF:/Users/nogipx/nogipx_vault/projects/nogipx/rpc_dart/rpc_dart/lib/src/streams/impl/client_streaming_bidi_stream.dart
DA:23,3
DA:24,3
DA:26,3
DA:29,9
DA:30,3
DA:31,6
DA:32,6
DA:35,1
DA:36,2
DA:37,2
DA:40,2
DA:41,4
DA:42,2
DA:43,1
DA:46,1
DA:52,4
DA:53,2
DA:59,3
DA:60,6
DA:64,3
DA:65,6
DA:72,3
DA:75,6
DA:78,3
DA:80,3
DA:85,6
DA:88,6
DA:89,3
DA:92,3
LF:29
LH:29
end_of_record
SF:/Users/nogipx/nogipx_vault/projects/nogipx/rpc_dart/rpc_dart/lib/src/streams/models/bidi_stream_interface.dart
DA:17,3
DA:24,2
DA:25,4
DA:29,0
DA:30,0
DA:33,3
DA:40,6
DA:49,0
DA:54,0
DA:57,0
DA:59,0
DA:62,0
DA:64,0
DA:67,0
DA:69,0
DA:72,0
DA:74,0
DA:77,0
DA:80,0
DA:83,0
DA:85,0
DA:88,0
DA:90,0
DA:93,0
DA:95,0
DA:98,0
DA:100,0
DA:103,0
DA:104,0
DA:106,0
DA:111,0
DA:114,0
DA:119,0
DA:122,0
DA:124,0
DA:127,0
DA:128,0
DA:130,0
DA:131,0
DA:133,0
DA:135,0
DA:138,0
DA:139,0
DA:141,0
DA:146,0
DA:149,0
DA:150,0
DA:152,0
DA:154,0
DA:157,0
DA:161,0
DA:164,0
DA:165,0
DA:167,0
DA:172,0
DA:175,0
DA:177,0
DA:180,0
DA:182,0
DA:185,0
DA:187,0
DA:190,0
DA:192,0
DA:195,0
DA:200,0
DA:203,0
DA:205,0
DA:208,0
DA:210,0
DA:213,0
DA:215,0
DA:218,0
DA:220,0
DA:223,0
DA:228,0
DA:231,0
DA:233,0
DA:236,0
DA:238,0
LF:79
LH:5
end_of_record
SF:/Users/nogipx/nogipx_vault/projects/nogipx/rpc_dart/rpc_dart/lib/src/streams/impl/server_streaming_bidi_stream.dart
DA:19,10
DA:24,10
DA:30,4
DA:31,4
DA:32,3
DA:35,3
DA:42,4
DA:43,8
LF:8
LH:8
end_of_record
SF:/Users/nogipx/nogipx_vault/projects/nogipx/rpc_dart/rpc_dart/lib/src/streams/managers/server_streams_manager.dart
DA:33,6
DA:34,18
DA:37,6
DA:42,12
DA:49,6
DA:51,6
DA:52,0
DA:55,18
DA:56,6
DA:59,18
DA:60,6
DA:61,6
DA:62,12
DA:63,10
DA:64,11
DA:67,12
DA:70,12
DA:71,6
DA:73,0
DA:76,0
DA:81,0
DA:82,0
DA:84,0
DA:86,0
DA:89,0
DA:94,6
DA:95,6
DA:96,12
DA:97,0
DA:100,0
DA:108,2
DA:110,2
DA:111,4
DA:119,4
DA:120,2
DA:124,18
DA:128,6
DA:132,6
DA:133,6
DA:134,2
DA:142,5
DA:144,5
DA:146,10
DA:147,10
DA:150,5
DA:157,10
DA:158,10
DA:162,5
DA:164,0
DA:165,0
DA:167,0
DA:176,2
DA:177,6
DA:179,4
DA:183,5
DA:184,15
DA:188,12
DA:192,3
DA:193,6
DA:199,0
DA:200,0
DA:201,0
DA:202,0
DA:203,0
DA:204,0
DA:208,4
DA:209,4
DA:211,8
DA:213,4
DA:218,6
DA:219,6
DA:221,3
DA:222,2
DA:223,1
DA:231,0
DA:232,0
DA:234,0
DA:235,0
DA:236,0
DA:238,0
DA:242,6
DA:243,6
DA:245,6
DA:248,6
DA:252,12
DA:253,12
DA:256,0
DA:259,0
DA:275,6
DA:280,6
DA:283,6
DA:284,12
DA:288,1
DA:289,3
DA:293,1
DA:294,3
DA:298,4
DA:300,8
DA:302,0
DA:305,0
DA:310,8
DA:311,8
DA:314,0
DA:317,0
LF:104
LH:73
end_of_record
SF:/Users/nogipx/nogipx_vault/projects/nogipx/rpc_dart/rpc_dart/lib/src/streams/managers/bidirectional_streams_manager.dart
DA:39,3
DA:45,3
DA:46,9
DA:48,3
DA:53,6
DA:59,0
DA:60,0
DA:62,0
DA:69,3
DA:70,3
DA:71,0
DA:74,9
DA:75,3
DA:78,3
DA:79,3
DA:82,9
DA:83,3
DA:85,6
DA:86,6
DA:87,3
DA:90,6
DA:93,6
DA:94,3
DA:96,0
DA:99,0
DA:104,0
DA:105,0
DA:107,0
DA:109,0
DA:112,0
DA:117,3
DA:118,3
DA:119,6
DA:120,0
DA:123,0
DA:131,2
DA:132,4
DA:135,2
DA:138,4
DA:139,2
DA:142,4
DA:143,2
DA:146,2
DA:149,4
DA:152,4
DA:155,0
DA:158,0
DA:164,0
DA:166,0
DA:168,0
DA:171,0
DA:176,0
DA:177,0
DA:180,0
DA:183,0
DA:188,0
DA:189,0
DA:192,0
DA:195,0
DA:199,0
DA:203,3
DA:204,3
DA:210,9
DA:223,0
DA:224,0
DA:229,2
DA:231,2
DA:233,4
DA:234,4
DA:237,2
DA:243,4
DA:244,4
DA:248,2
DA:250,0
DA:251,0
DA:253,0
DA:263,2
DA:268,2
DA:270,4
DA:271,2
DA:279,2
DA:284,2
DA:287,5
DA:289,4
DA:293,2
DA:294,6
DA:299,2
DA:301,4
DA:307,1
DA:308,1
DA:309,2
DA:310,6
DA:311,3
DA:312,1
DA:316,6
DA:319,1
DA:320,1
DA:322,2
DA:324,1
DA:329,3
DA:330,3
DA:332,0
DA:333,0
DA:334,0
DA:342,0
DA:343,0
DA:345,0
DA:346,0
DA:347,0
DA:349,0
DA:353,3
DA:354,3
DA:356,3
DA:359,3
DA:363,6
DA:364,6
DA:367,0
DA:370,0
DA:375,6
DA:376,6
DA:379,0
DA:382,0
DA:401,3
DA:408,3
DA:411,3
DA:412,6
DA:416,2
DA:417,6
DA:421,2
DA:422,6
DA:426,1
DA:428,2
DA:430,0
DA:433,0
DA:438,2
DA:439,2
DA:442,0
DA:445,0
DA:450,0
DA:451,0
DA:454,0
DA:457,0
LF:142
LH:88
end_of_record
SF:/Users/nogipx/nogipx_vault/projects/nogipx/rpc_dart/rpc_dart/lib/src/streams/models/stream_message.dart
DA:23,8
DA:28,8
DA:30,0
DA:32,0
DA:33,0
DA:34,0
DA:35,0
DA:36,0
DA:44,0
DA:48,0
DA:49,0
DA:50,0
DA:51,0
DA:52,0
LF:14
LH:2
end_of_record
SF:/Users/nogipx/nogipx_vault/projects/nogipx/rpc_dart/rpc_dart/lib/src/streams/streaming_extensions.dart
DA:15,1
DA:18,1
DA:20,1
DA:21,1
DA:26,1
DA:35,2
DA:36,2
LF:7
LH:7
end_of_record
SF:/Users/nogipx/nogipx_vault/projects/nogipx/rpc_dart/rpc_dart/lib/src/message/primitives/string.dart
DA:9,30
DA:12,1
DA:14,1
DA:16,2
DA:17,2
DA:23,1
DA:24,2
DA:26,0
DA:27,0
LF:9
LH:7
end_of_record
SF:/Users/nogipx/nogipx_vault/projects/nogipx/rpc_dart/rpc_dart/lib/src/message/primitives/bool.dart
DA:16,30
DA:19,1
DA:21,1
DA:23,2
DA:26,3
DA:29,3
DA:30,2
DA:31,2
DA:40,1
DA:41,2
DA:43,0
DA:44,0
LF:12
LH:10
end_of_record
SF:/Users/nogipx/nogipx_vault/projects/nogipx/rpc_dart/rpc_dart/lib/src/message/primitives/num.dart
DA:9,30
DA:12,1
DA:14,1
DA:16,2
DA:19,2
DA:22,2
DA:23,0
DA:25,1
DA:34,1
DA:35,2
DA:37,0
DA:38,0
DA:41,5
DA:42,5
DA:43,5
DA:44,5
DA:45,1
DA:46,1
DA:47,1
DA:48,2
DA:49,0
DA:51,1
DA:54,5
DA:55,4
DA:57,1
DA:58,4
DA:59,1
DA:60,1
DA:62,0
DA:65,1
DA:66,4
DA:67,1
DA:68,1
DA:70,0
DA:73,1
DA:74,4
DA:75,1
DA:76,1
DA:78,0
DA:81,1
DA:82,4
DA:83,1
DA:84,1
DA:86,0
DA:89,1
DA:91,4
DA:92,1
DA:93,1
DA:98,1
DA:99,2
DA:101,1
DA:102,2
DA:103,1
DA:104,1
DA:105,1
DA:106,0
DA:112,30
DA:115,1
DA:117,1
DA:119,2
DA:120,3
DA:121,3
DA:127,1
DA:128,2
DA:130,0
DA:131,0
DA:134,5
DA:135,5
DA:136,5
DA:137,5
DA:138,5
DA:139,5
DA:140,4
DA:142,1
DA:143,4
DA:144,1
DA:145,1
DA:147,0
DA:150,1
DA:151,4
DA:152,1
DA:153,1
DA:155,0
DA:158,1
DA:159,4
DA:160,1
DA:161,1
DA:163,0
DA:166,1
DA:167,4
DA:168,1
DA:169,1
DA:171,0
DA:174,1
DA:176,4
DA:177,1
DA:178,1
DA:183,1
DA:184,2
DA:186,1
DA:187,2
DA:188,1
DA:189,1
DA:190,1
DA:191,0
DA:192,0
DA:198,30
DA:201,1
DA:203,1
DA:205,2
DA:206,3
DA:207,3
DA:213,1
DA:214,2
DA:216,0
DA:217,0
DA:220,1
DA:221,4
DA:222,1
DA:223,4
DA:224,1
DA:225,4
DA:226,1
DA:227,4
DA:228,1
DA:229,4
DA:230,4
DA:232,1
DA:233,4
DA:234,1
DA:235,1
DA:237,0
DA:240,1
DA:241,4
DA:242,1
DA:243,1
DA:245,0
DA:248,1
DA:249,4
DA:250,1
DA:251,1
DA:253,0
DA:256,1
DA:257,4
DA:258,1
DA:259,1
DA:261,0
DA:264,1
DA:266,4
DA:267,1
DA:268,1
DA:273,1
DA:274,2
DA:276,1
DA:277,2
DA:278,1
DA:279,1
DA:280,1
DA:281,2
DA:282,0
LF:160
LH:136
end_of_record
SF:/Users/nogipx/nogipx_vault/projects/nogipx/rpc_dart/rpc_dart/lib/src/message/primitives/null.dart
DA:9,29
DA:12,1
DA:16,1
DA:17,1
DA:19,0
DA:20,0
LF:6
LH:4
end_of_record
SF:/Users/nogipx/nogipx_vault/projects/nogipx/rpc_dart/rpc_dart/lib/src/message/primitives/_index.dart
DA:18,114
DA:20,1
DA:23,4
DA:26,1
DA:27,2
DA:29,1
DA:33,1
DA:36,1
DA:37,1
DA:42,0
DA:48,0
DA:51,0
DA:52,0
LF:13
LH:9
end_of_record
SF:/Users/nogipx/nogipx_vault/projects/nogipx/rpc_dart/rpc_dart/lib/src/message/exception.dart
DA:14,0
DA:15,0
DA:16,0
DA:36,6
DA:42,1
DA:43,3
DA:46,0
DA:47,0
DA:48,0
DA:49,0
DA:52,0
DA:53,0
DA:60,0
DA:61,0
DA:62,0
DA:63,0
DA:67,0
DA:68,0
DA:69,0
DA:70,0
DA:71,0
DA:72,0
DA:73,0
DA:74,0
DA:75,0
DA:76,0
DA:77,0
DA:78,0
DA:80,0
DA:81,0
DA:83,0
DA:85,0
DA:88,0
DA:89,0
DA:91,0
DA:92,0
DA:98,0
DA:110,1
DA:112,1
DA:122,0
DA:123,0
DA:133,0
DA:134,0
DA:144,0
DA:145,0
DA:161,5
DA:165,5
DA:168,5
DA:188,0
DA:194,0
DA:196,0
DA:199,0
DA:201,0
DA:203,0
DA:206,0
DA:209,0
DA:210,0
DA:214,0
LF:58
LH:8
end_of_record
SF:/Users/nogipx/nogipx_vault/projects/nogipx/rpc_dart/rpc_dart/lib/src/message/message.dart
DA:34,8
DA:46,8
DA:47,8
DA:48,16
DA:49,8
DA:50,8
DA:51,8
DA:52,8
DA:53,8
DA:54,8
DA:55,8
DA:60,8
DA:61,8
DA:62,24
DA:63,16
DA:64,22
DA:65,22
DA:66,24
DA:67,24
DA:68,8
DA:69,16
DA:73,2
DA:75,12
DA:76,4
LF:24
LH:24
end_of_record
SF:/Users/nogipx/nogipx_vault/projects/nogipx/rpc_dart/rpc_dart/lib/src/middleware/middleware_chain.dart
DA:20,2
DA:21,4
DA:25,21
DA:35,7
DA:42,7
DA:46,4
DA:47,2
DA:67,7
DA:74,7
DA:79,6
DA:80,2
DA:101,1
DA:109,1
DA:116,0
DA:117,0
DA:142,4
DA:149,4
DA:153,4
DA:154,2
DA:171,3
DA:176,3
DA:179,6
DA:180,2
LF:23
LH:21
end_of_record
SF:/Users/nogipx/nogipx_vault/projects/nogipx/rpc_dart/rpc_dart/lib/src/middleware/rpc_middleware.dart
DA:110,0
DA:120,0
DA:130,0
DA:141,0
DA:151,0
LF:5
LH:0
end_of_record
SF:/Users/nogipx/nogipx_vault/projects/nogipx/rpc_dart/rpc_dart/lib/src/middleware/built_in/debug_middleware.dart
DA:24,2
DA:30,2
DA:31,4
DA:32,2
DA:33,0
DA:35,2
DA:42,2
DA:50,4
DA:51,2
DA:54,6
DA:55,0
DA:58,4
DA:63,2
DA:71,4
DA:72,2
DA:75,6
DA:76,0
DA:79,4
DA:84,0
DA:93,0
DA:94,0
DA:98,0
DA:101,0
DA:102,0
DA:105,0
DA:110,2
DA:118,2
DA:122,2
DA:123,2
DA:127,4
DA:132,2
DA:138,2
DA:141,4
DA:151,0
DA:156,0
DA:164,0
DA:166,0
DA:169,0
DA:177,0
DA:179,0
DA:182,0
DA:191,0
DA:192,0
DA:197,0
DA:198,0
DA:200,0
DA:201,0
DA:202,0
LF:48
LH:23
end_of_record
SF:/Users/nogipx/nogipx_vault/projects/nogipx/rpc_dart/rpc_dart/lib/src/middleware/built_in/logging_middleware.dart
DA:51,0
DA:52,0
DA:54,0
DA:55,0
DA:68,0
DA:76,0
DA:83,0
DA:88,0
DA:90,0
DA:95,0
DA:99,0
DA:100,0
DA:101,0
DA:105,0
DA:106,0
DA:110,0
DA:111,0
DA:116,0
DA:117,0
DA:122,0
DA:123,0
DA:126,0
DA:134,0
DA:135,0
DA:138,0
DA:146,0
DA:147,0
DA:150,0
DA:159,0
DA:160,0
DA:164,0
DA:167,0
DA:175,0
DA:176,0
DA:178,0
DA:181,0
DA:187,0
DA:188,0
LF:38
LH:0
end_of_record
SF:/Users/nogipx/nogipx_vault/projects/nogipx/rpc_dart/rpc_dart/lib/src/middleware/built_in/metadata_middleware.dart
DA:24,0
DA:27,0
DA:28,0
DA:34,0
DA:35,0
DA:42,0
DA:43,0
DA:46,0
DA:54,0
DA:56,0
DA:59,0
DA:60,0
DA:64,0
DA:65,0
DA:69,0
DA:70,0
DA:77,0
DA:80,0
DA:88,0
DA:90,0
DA:92,0
DA:95,0
DA:96,0
DA:99,0
DA:103,0
DA:105,0
DA:108,0
DA:109,0
DA:112,0
DA:119,0
DA:122,0
DA:132,0
DA:133,0
DA:135,0
DA:138,0
DA:139,0
DA:141,0
DA:144,0
DA:147,0
DA:156,0
DA:159,0
DA:166,0
LF:42
LH:0
end_of_record
SF:/Users/nogipx/nogipx_vault/projects/nogipx/rpc_dart/rpc_dart/lib/src/middleware/built_in/middleware_wrapper.dart
DA:82,0
DA:91,0
DA:99,0
DA:109,0
DA:117,0
DA:127,0
DA:136,0
DA:147,0
DA:155,0
DA:165,0
DA:171,0
DA:174,0
DA:176,0
LF:13
LH:0
end_of_record
SF:/Users/nogipx/nogipx_vault/projects/nogipx/rpc_dart/rpc_dart/lib/src/middleware/built_in/timing_middleware.dart
DA:20,0
DA:24,0
DA:25,0
DA:26,0
DA:28,0
DA:29,0
DA:35,0
DA:43,0
DA:44,0
DA:47,0
DA:55,0
DA:57,0
DA:58,0
DA:60,0
DA:63,0
DA:72,0
DA:74,0
DA:75,0
DA:77,0
DA:80,0
DA:89,0
DA:92,0
DA:99,0
LF:23
LH:0
end_of_record
SF:/Users/nogipx/nogipx_vault/projects/nogipx/rpc_dart/rpc_dart/lib/src/serialization/_serializer.dart
DA:9,0
LF:1
LH:0
end_of_record
SF:/Users/nogipx/nogipx_vault/projects/nogipx/rpc_dart/rpc_dart/lib/src/serialization/json_serializer.dart
DA:13,0
DA:27,6
DA:30,12
DA:33,12
DA:35,6
DA:37,24
DA:40,6
DA:43,12
DA:44,12
DA:45,0
DA:46,0
DA:52,0
DA:53,0
DA:59,0
DA:67,0
LF:15
LH:8
end_of_record
SF:/Users/nogipx/nogipx_vault/projects/nogipx/rpc_dart/rpc_dart/lib/src/serialization/msgpack_serializer.dart
DA:25,30
DA:27,3
DA:30,3
DA:34,3
DA:36,0
DA:37,0
DA:45,3
DA:51,9
DA:56,3
DA:61,3
DA:62,6
DA:66,6
DA:69,1
DA:70,1
DA:71,1
DA:79,3
DA:80,4
DA:84,3
DA:85,3
DA:86,6
DA:87,6
DA:88,6
DA:89,3
DA:95,0
DA:98,3
DA:101,3
DA:103,3
DA:106,3
DA:107,3
DA:108,2
DA:110,0
DA:115,0
DA:116,0
DA:124,3
DA:130,3
DA:132,1
DA:133,2
DA:135,4
DA:139,3
DA:140,3
DA:141,6
DA:142,6
DA:143,6
DA:144,3
DA:154,1
DA:156,3
DA:161,2
DA:162,3
DA:170,0
LF:49
LH:42
end_of_record
SF:/Users/nogipx/nogipx_vault/projects/nogipx/rpc_dart/rpc_dart/lib/src/serialization/msgpack/serializer.dart
DA:15,1
DA:19,0
DA:20,0
DA:28,4
DA:31,4
DA:34,4
DA:35,4
DA:36,13
DA:37,13
DA:38,5
DA:39,6
DA:40,8
DA:41,6
DA:42,6
DA:43,4
DA:44,1
DA:45,4
DA:47,8
DA:48,0
DA:51,0
DA:54,4
DA:55,8
DA:58,1
DA:59,2
DA:60,2
DA:61,2
DA:62,2
DA:63,2
DA:64,2
DA:65,2
DA:66,2
DA:67,2
DA:68,2
DA:69,2
DA:71,2
DA:72,2
DA:76,4
DA:77,4
DA:78,8
DA:79,2
DA:80,2
DA:81,2
DA:82,2
DA:83,4
DA:84,4
DA:85,1
DA:86,2
DA:87,2
DA:89,2
DA:90,2
DA:94,1
DA:95,2
DA:96,3
DA:99,2
DA:100,4
DA:101,4
DA:104,4
DA:105,8
DA:106,4
DA:107,4
DA:108,12
DA:109,3
DA:110,4
DA:111,4
DA:112,1
DA:113,2
DA:114,2
DA:115,0
DA:116,0
DA:117,0
DA:119,0
DA:122,8
DA:125,2
DA:126,2
DA:127,2
DA:128,4
DA:129,4
DA:130,1
DA:131,2
DA:132,2
DA:133,1
DA:134,2
DA:135,2
DA:137,0
DA:140,4
DA:143,2
DA:144,2
DA:146,2
DA:147,6
DA:148,1
DA:149,2
DA:150,2
DA:151,1
DA:152,2
DA:153,2
DA:155,0
DA:159,4
DA:160,2
DA:164,4
DA:165,4
DA:167,4
DA:168,12
DA:169,1
DA:170,2
DA:171,2
DA:172,1
DA:173,2
DA:174,2
DA:176,0
DA:180,8
DA:181,8
DA:182,8
DA:186,0
DA:187,0
DA:189,0
DA:190,0
DA:192,0
DA:194,0
DA:198,0
DA:199,0
DA:200,0
DA:201,0
DA:202,0
DA:203,0
DA:204,0
DA:205,0
DA:206,0
DA:207,0
DA:208,0
DA:209,0
DA:210,0
DA:211,0
DA:212,0
DA:213,0
DA:214,0
DA:215,0
DA:216,0
DA:217,0
DA:219,0
DA:221,0
DA:222,0
LF:141
LH:101
end_of_record
SF:/Users/nogipx/nogipx_vault/projects/nogipx/rpc_dart/rpc_dart/lib/src/serialization/msgpack/deserializer.dart
DA:18,4
DA:23,12
DA:33,4
DA:34,16
DA:35,4
DA:37,8
DA:39,1
DA:40,8
DA:41,8
DA:42,8
DA:43,4
DA:44,8
DA:45,8
DA:48,4
DA:50,4
DA:52,4
DA:54,4
DA:55,1
DA:56,4
DA:57,2
DA:58,4
DA:59,1
DA:60,4
DA:61,1
DA:62,4
DA:63,1
DA:64,4
DA:65,1
DA:66,4
DA:67,1
DA:68,4
DA:69,1
DA:70,4
DA:71,1
DA:72,4
DA:73,2
DA:74,4
DA:75,4
DA:76,2
DA:77,2
DA:78,2
DA:79,0
DA:80,2
DA:81,2
DA:82,1
DA:83,0
DA:84,1
DA:85,0
DA:86,1
DA:87,2
DA:88,1
DA:89,2
DA:90,1
DA:91,2
DA:92,1
DA:93,2
DA:94,0
DA:95,0
DA:96,0
DA:97,0
DA:98,0
DA:99,0
DA:100,0
DA:101,0
DA:102,0
DA:103,0
DA:104,0
DA:105,0
DA:106,0
DA:107,0
DA:108,0
DA:109,0
DA:111,0
DA:115,1
DA:116,4
DA:119,4
DA:120,16
DA:123,2
DA:124,6
DA:125,4
DA:129,1
DA:130,3
DA:131,2
DA:135,1
DA:136,3
DA:137,2
DA:141,1
DA:142,3
DA:143,2
DA:147,1
DA:148,3
DA:149,2
DA:153,1
DA:154,3
DA:155,2
DA:159,1
DA:160,3
DA:161,2
DA:165,2
DA:166,6
DA:167,4
DA:171,4
DA:173,28
DA:174,8
DA:175,4
DA:178,4
DA:179,4
DA:180,4
DA:181,8
DA:182,8
DA:183,0
DA:186,4
DA:189,2
DA:190,2
DA:191,4
DA:192,4
DA:197,4
DA:198,4
DA:199,4
DA:200,12
DA:201,4
DA:206,0
DA:207,0
DA:208,0
DA:209,0
LF:125
LH:100
end_of_record
SF:/Users/nogipx/nogipx_vault/projects/nogipx/rpc_dart/rpc_dart/lib/src/serialization/msgpack/msgpack.dart
DA:13,0
DA:16,0
DA:18,0
DA:22,4
DA:26,4
DA:27,4
DA:28,4
DA:31,4
DA:36,4
DA:41,4
LF:10
LH:7
end_of_record
SF:/Users/nogipx/nogipx_vault/projects/nogipx/rpc_dart/rpc_dart/lib/src/serialization/msgpack/data_writer.dart
DA:15,4
DA:16,4
DA:17,12
DA:18,8
DA:21,1
DA:22,1
DA:23,3
DA:24,2
DA:27,2
DA:28,2
DA:29,6
DA:30,4
DA:33,1
DA:34,1
DA:35,3
DA:36,2
DA:39,1
DA:40,1
DA:41,3
DA:42,2
DA:45,1
DA:46,1
DA:47,3
DA:48,2
DA:51,1
DA:52,1
DA:53,3
DA:54,2
DA:57,1
DA:58,1
DA:59,3
DA:60,2
DA:63,1
DA:64,1
DA:65,3
DA:66,2
DA:69,2
DA:70,2
DA:71,6
DA:72,4
DA:76,4
DA:77,4
DA:78,4
DA:81,4
DA:82,8
DA:84,8
DA:89,4
DA:90,8
DA:91,12
DA:93,0
DA:94,0
DA:97,8
DA:101,4
DA:102,8
DA:104,2
DA:105,4
DA:106,4
DA:107,2
DA:109,2
DA:110,2
DA:111,2
DA:114,4
DA:115,8
DA:119,4
DA:120,4
DA:122,8
DA:123,4
DA:124,20
DA:126,16
DA:127,4
DA:128,4
DA:132,4
DA:133,8
DA:134,8
DA:137,12
DA:138,8
DA:139,8
DA:140,4
DA:142,8
DA:143,8
DA:144,16
DA:146,6
DA:147,3
DA:148,3
DA:149,6
DA:150,6
DA:151,3
DA:156,4
LF:88
LH:86
end_of_record
SF:/Users/nogipx/nogipx_vault/projects/nogipx/rpc_dart/rpc_dart/lib/src/transport/_transport.dart
DA:31,0
LF:1
LH:0
end_of_record
SF:/Users/nogipx/nogipx_vault/projects/nogipx/rpc_dart/rpc_dart/lib/src/transport/memory_transport.dart
DA:35,10
DA:44,10
DA:45,10
DA:49,10
DA:52,10
DA:54,10
DA:58,10
DA:64,20
DA:66,0
DA:73,10
DA:74,10
DA:75,10
DA:80,0
DA:83,0
DA:84,0
DA:85,0
DA:91,10
DA:93,20
DA:97,10
DA:98,10
DA:100,20
DA:101,20
DA:105,10
DA:107,10
DA:109,20
DA:110,20
DA:114,0
DA:115,0
DA:116,0
DA:122,10
DA:123,10
LF:31
LH:23
end_of_record
SF:/Users/nogipx/nogipx_vault/projects/nogipx/rpc_dart/rpc_dart/lib/src/transport/proxy_transport.dart
DA:18,1
DA:19,1
DA:43,1
DA:50,1
DA:51,1
DA:55,1
DA:56,2
DA:57,1
DA:58,2
DA:59,1
DA:60,4
DA:61,1
DA:62,3
DA:63,0
DA:64,0
DA:68,1
DA:69,2
DA:70,2
DA:73,0
DA:74,0
DA:75,0
DA:76,0
DA:82,1
DA:84,2
DA:87,1
DA:92,1
DA:96,1
DA:99,3
DA:101,2
DA:108,1
DA:115,1
DA:117,1
DA:121,2
DA:122,1
DA:125,2
DA:126,2
DA:131,0
DA:132,0
DA:133,0
LF:39
LH:30
end_of_record
SF:/Users/nogipx/nogipx_vault/projects/nogipx/rpc_dart/rpc_dart/lib/src/transport/json_rpc_transport.dart
DA:59,1
DA:64,1
DA:68,1
DA:69,1
DA:70,0
DA:72,0
DA:78,1
DA:80,4
DA:81,1
DA:82,0
DA:83,0
DA:85,0
DA:86,0
DA:89,0
DA:90,0
DA:92,0
DA:93,0
DA:95,0
DA:98,1
DA:102,1
DA:103,3
DA:107,1
DA:108,2
DA:110,1
DA:113,1
DA:114,0
DA:115,0
DA:121,1
DA:122,1
DA:123,0
DA:124,0
DA:125,0
DA:130,1
DA:133,1
DA:135,1
DA:136,1
DA:137,1
DA:139,1
DA:141,0
DA:142,0
DA:146,0
DA:148,0
DA:149,0
DA:152,0
DA:153,0
DA:160,1
DA:162,1
DA:163,1
DA:164,0
DA:165,0
DA:171,1
DA:174,1
DA:178,2
DA:179,1
DA:180,1
DA:186,1
DA:188,1
DA:189,0
DA:195,3
DA:198,3
DA:199,3
DA:200,1
DA:204,1
DA:205,2
DA:208,1
DA:209,2
DA:212,1
DA:214,1
DA:218,3
DA:221,3
DA:222,3
DA:223,1
DA:227,0
DA:228,0
DA:230,0
DA:237,0
DA:238,0
DA:239,0
DA:242,1
DA:245,1
DA:251,1
DA:252,2
DA:254,1
DA:257,1
DA:258,0
DA:263,1
DA:264,3
DA:270,2
DA:271,1
DA:273,1
DA:274,1
DA:276,2
DA:279,2
DA:281,2
DA:283,1
DA:285,1
DA:286,1
DA:287,1
DA:288,1
DA:290,1
DA:292,2
DA:295,2
DA:297,1
DA:298,2
DA:299,1
DA:301,1
DA:304,1
DA:305,1
DA:307,2
DA:311,0
DA:316,2
DA:317,1
DA:318,2
DA:319,1
DA:323,2
DA:326,0
DA:327,0
DA:328,0
DA:336,1
DA:343,1
DA:344,1
DA:345,1
DA:347,1
DA:348,1
DA:351,1
DA:354,0
DA:361,1
DA:362,1
DA:363,1
DA:366,0
DA:369,1
DA:376,1
DA:378,2
DA:381,1
DA:383,1
DA:386,2
DA:387,1
DA:390,2
DA:391,2
DA:395,2
DA:398,1
DA:399,3
LF:142
LH:103
end_of_record
SF:/Users/nogipx/nogipx_vault/projects/nogipx/rpc_dart/rpc_dart/lib/src/transport/encrypted_transport.dart
DA:33,1
DA:34,2
DA:36,1
DA:37,2
DA:44,1
DA:51,1
DA:55,1
DA:57,4
DA:58,1
DA:59,0
DA:60,0
DA:61,0
DA:63,0
DA:64,0
DA:65,0
DA:66,0
DA:73,1
DA:74,1
DA:75,1
DA:77,2
DA:85,1
DA:86,3
DA:92,1
DA:93,1
DA:96,1
DA:97,1
DA:98,1
DA:100,1
DA:101,1
DA:102,2
DA:105,2
DA:108,2
DA:110,1
DA:111,1
DA:115,3
DA:121,2
DA:124,2
DA:125,2
DA:128,0
DA:129,0
DA:132,0
DA:133,0
DA:134,0
DA:136,0
DA:140,1
DA:142,2
DA:145,1
DA:148,1
DA:153,3
DA:157,1
DA:158,1
DA:162,2
DA:165,2
DA:167,1
DA:168,2
DA:171,2
DA:173,2
DA:174,1
DA:178,1
DA:180,2
DA:181,2
DA:185,1
DA:186,1
DA:187,1
DA:191,2
DA:193,2
DA:194,1
DA:199,1
DA:200,1
DA:201,1
DA:203,2
DA:204,2
DA:210,2
DA:212,0
DA:213,0
DA:215,0
DA:216,0
DA:217,0
DA:223,1
DA:225,1
DA:228,2
DA:229,1
DA:232,2
DA:233,2
DA:237,2
DA:304,1
DA:311,1
DA:312,1
DA:313,1
DA:314,1
DA:315,1
DA:320,1
DA:321,1
DA:322,2
DA:323,3
DA:324,3
LF:96
LH:78
end_of_record
